<canso any="2007" tp="no">
    <titol>3's and 7's</titol>
    <artista>Queens of the Stone Age</artista>
    <genere>Alternative</genere>
    <data>
      <dia>20</dia>
      <mes>Nov</mes>
      <any>2007</any>
    </data>
    <stock>172</stock>
  </canso><canso any="2007" tp="no">
    <titol>Sick , Sick , Sick</titol>
    <artista>Queens of the Stone Age</artista>
    <genere>Alternative</genere>
    <data>
      <dia>20</dia>
      <mes>Nov</mes>
      <any>2007</any>
    </data>
    <stock>282</stock>
  </canso><canso any="2008" tp="no" single="si">
    <titol>Shockwave</titol>
    <artista>Black Tide</artista>
    <genere>Metal</genere>
    <data>
      <dia>11</dia>
      <mes>Mar</mes>
      <any>2008</any>
    </data>
    <stock>1</stock>
  </canso><canso any="2008" tp="no">
    <titol>Shake</titol>
    <artista>Count Zero</artista>
    <genere>Rock</genere>
    <data>
      <dia>8</dia>
      <mes>Abr</mes>
      <any>2008</any>
    </data>
    <stock>21</stock>
  </canso><canso any="2008" tp="no" single="si">
    <titol>Saints of Los Angeles</titol>
    <artista>M&#xC3;&#xB6;tley Cr&#xC3;&#xBC;e</artista>
    <genere>Rock</genere>
    <data>
      <dia>15</dia>
      <mes>Abr</mes>
      <any>2008</any>
    </data>
    <stock>1</stock>
  </canso><canso any="2008" tp="no">
    <titol>Indestructible</titol>
    <artista>Disturbed</artista>
    <genere>Nu-Metal</genere>
    <data>
      <dia>3</dia>
      <mes>Jun</mes>
      <any>2008</any>
    </data>
    <stock>70</stock>
  </canso><canso any="2008" tp="no">
    <titol>Inside the Fire</titol>
    <artista>Disturbed</artista>
    <genere>Nu-Metal</genere>
    <data>
      <dia>3</dia>
      <mes>Jun</mes>
      <any>2008</any>
    </data>
    <stock>234</stock>
  </canso><canso any="2008" tp="no">
    <titol>Perfect Insanity</titol>
    <artista>Disturbed</artista>
    <genere>Nu-Metal</genere>
    <data>
      <dia>3</dia>
      <mes>Jun</mes>
      <any>2008</any>
    </data>
    <stock>95</stock>
  </canso><canso any="2008" tp="no">
    <titol>A Clean Shot</titol>
    <artista>The Myriad</artista>
    <genere>Alternative</genere>
    <data>
      <dia>10</dia>
      <mes>Jun</mes>
      <any>2008</any>
    </data>
    <stock>263</stock>
  </canso><canso any="2008" tp="no" single="si">
    <titol>Hammerhead</titol>
    <artista>The Offspring</artista>
    <genere>Rock</genere>
    <data>
      <dia>17</dia>
      <mes>Jun</mes>
      <any>2008</any>
    </data>
    <stock>193</stock>
  </canso><canso any="2008" tp="si" single="si">
    <titol>Rock n' Roll Dream</titol>
    <artista>Crooked X</artista>
    <genere>Rock</genere>
    <data>
      <dia>17</dia>
      <mes>Jun</mes>
      <any>2008</any>
    </data>
    <stock>55</stock>
  </canso><canso any="2008" tp="si">
    <titol>Dreamin'</titol>
    <artista>Weezer</artista>
    <genere>Alternative</genere>
    <data>
      <dia>24</dia>
      <mes>Jun</mes>
      <any>2008</any>
    </data>
    <stock>8</stock>
  </canso><canso any="2008" tp="no">
    <titol>The Greatest Man That Ever Lived</titol>
    <artista>Weezer</artista>
    <genere>Alternative</genere>
    <data>
      <dia>24</dia>
      <mes>Jun</mes>
      <any>2008</any>
    </data>
    <stock>5</stock>
  </canso><canso any="2008" tp="no">
    <titol>Troublemaker</titol>
    <artista>Weezer</artista>
    <genere>Alternative</genere>
    <data>
      <dia>24</dia>
      <mes>Jun</mes>
      <any>2008</any>
    </data>
    <stock>137</stock>
  </canso><canso any="2008" tp="no">
    <titol>Down at the Whisky</titol>
    <artista>M&#xC3;&#xB6;tley Cr&#xC3;&#xBC;e</artista>
    <genere>Metal</genere>
    <data>
      <dia>1</dia>
      <mes>Jul</mes>
      <any>2008</any>
    </data>
    <stock>14</stock>
  </canso><canso any="2008" tp="si">
    <titol>Who's Going Home with You Tonight?</titol>
    <artista>Trapt</artista>
    <genere>Nu-Metal</genere>
    <data>
      <dia>1</dia>
      <mes>Jul</mes>
      <any>2008</any>
    </data>
    <stock>231</stock>
  </canso><canso any="2008" tp="no" single="si">
    <titol>Promised Land</titol>
    <artista>Vesuvius</artista>
    <genere>Rock</genere>
    <data>
      <dia>1</dia>
      <mes>Jul</mes>
      <any>2008</any>
    </data>
    <stock>68</stock>
  </canso><canso any="2008" tp="si" single="si">
    <titol>Devour</titol>
    <artista>Shinedown</artista>
    <genere>Nu-Metal</genere>
    <data>
      <dia>22</dia>
      <mes>Jul</mes>
      <any>2008</any>
    </data>
    <stock>104</stock>
  </canso><canso any="2008" tp="no" single="si">
    <titol>Junkies for Fame</titol>
    <artista>Shinedown</artista>
    <genere>Nu-Metal</genere>
    <data>
      <dia>22</dia>
      <mes>Jul</mes>
      <any>2008</any>
    </data>
    <stock>101</stock>
  </canso><canso any="2008" tp="no" single="si">
    <titol>They Say</titol>
    <artista>Scars on Broadway</artista>
    <genere>Rock</genere>
    <data>
      <dia>29</dia>
      <mes>Jul</mes>
      <any>2008</any>
    </data>
    <stock>208</stock>
  </canso><canso any="2008" tp="si" single="si">
    <titol>This Is It</titol>
    <artista>Staind</artista>
    <genere>Nu-Metal</genere>
    <data>
      <dia>29</dia>
      <mes>Jul</mes>
      <any>2008</any>
    </data>
    <stock>108</stock>
  </canso><canso any="2008" tp="si" single="si">
    <titol>Yomp</titol>
    <artista>Thenewno2</artista>
    <genere>Pop-Rock</genere>
    <data>
      <dia>29</dia>
      <mes>Jul</mes>
      <any>2008</any>
    </data>
    <stock>236</stock>
  </canso><canso any="2008" tp="no">
    <titol>Face Down in the Dirt</titol>
    <artista>M&#xC3;&#xB6;tley Cr&#xC3;&#xBC;e</artista>
    <genere>Rock</genere>
    <data>
      <dia>5</dia>
      <mes>Ago</mes>
      <any>2008</any>
    </data>
    <stock>220</stock>
  </canso><canso any="2008" tp="si">
    <titol>Rescue Me</titol>
    <artista>Buckcherry</artista>
    <genere>Rock</genere>
    <data>
      <dia>5</dia>
      <mes>Ago</mes>
      <any>2008</any>
    </data>
    <stock>130</stock>
  </canso><canso any="2008" tp="si" single="si">
    <titol>Get Your Rock On</titol>
    <artista>The Janitors</artista>
    <genere>Pop-Rock</genere>
    <data>
      <dia>19</dia>
      <mes>Ago</mes>
      <any>2008</any>
    </data>
    <stock>128</stock>
  </canso><canso any="2008" tp="no">
    <titol>Shhh...</titol>
    <artista>The Darkest of the Hillside Thickets</artista>
    <genere>Rock</genere>
    <data>
      <dia>2</dia>
      <mes>Set</mes>
      <any>2008</any>
    </data>
    <stock>62</stock>
  </canso><canso any="2008" tp="si">
    <titol>Chiron</titol>
    <artista>All That Remains</artista>
    <genere>Metal</genere>
    <data>
      <dia>9</dia>
      <mes>Set</mes>
      <any>2008</any>
    </data>
    <stock>288</stock>
  </canso><canso any="2008" tp="si">
    <titol>Two Weeks</titol>
    <artista>All That Remains</artista>
    <genere>Metal</genere>
    <data>
      <dia>9</dia>
      <mes>Set</mes>
      <any>2008</any>
    </data>
    <stock>286</stock>
  </canso><canso any="2008" tp="si">
    <titol>One of THOSE Nights</titol>
    <artista>The Cab</artista>
    <genere>Pop-Rock</genere>
    <data>
      <dia>16</dia>
      <mes>Set</mes>
      <any>2008</any>
    </data>
    <stock>82</stock>
  </canso><canso any="2008" tp="si">
    <titol>She's a Handsome Woman</titol>
    <artista>Panic at the Disco</artista>
    <genere>Pop-Rock</genere>
    <data>
      <dia>16</dia>
      <mes>Set</mes>
      <any>2008</any>
    </data>
    <stock>154</stock>
  </canso><canso any="2008" tp="no">
    <titol>Natural Disaster</titol>
    <artista>Plain White T's</artista>
    <genere>Pop-Rock</genere>
    <data>
      <dia>16</dia>
      <mes>Set</mes>
      <any>2008</any>
    </data>
    <stock>36</stock>
  </canso><canso any="2008" tp="no" single="si">
    <titol>Use Me</titol>
    <artista>Hinder</artista>
    <genere>Rock</genere>
    <data>
      <dia>4</dia>
      <mes>Nov</mes>
      <any>2008</any>
    </data>
    <stock>56</stock>
  </canso><canso any="2008" tp="no" single="si">
    <titol>I Don't Care</titol>
    <artista>Fall Out Boy</artista>
    <genere>Pop-Rock</genere>
    <data>
      <dia>4</dia>
      <mes>Nov</mes>
      <any>2008</any>
    </data>
    <stock>45</stock>
  </canso><canso any="2008" tp="si">
    <titol>Ashes to Fire</titol>
    <artista>Ghost Hounds</artista>
    <genere>Rock</genere>
    <data>
      <dia>6</dia>
      <mes>Nov</mes>
      <any>2008</any>
    </data>
    <stock>89</stock>
  </canso><canso any="2008" tp="no">
    <titol>Bounce</titol>
    <artista>The Cab</artista>
    <genere>Pop-Rock</genere>
    <data>
      <dia>6</dia>
      <mes>Nov</mes>
      <any>2008</any>
    </data>
    <stock>67</stock>
  </canso><canso any="2008" tp="no">
    <titol>Burn You Down</titol>
    <artista>Opiate for the Masses</artista>
    <genere>Rock</genere>
    <data>
      <dia>6</dia>
      <mes>Nov</mes>
      <any>2008</any>
    </data>
    <stock>123</stock>
  </canso><canso any="2008" tp="si">
    <titol>Crazy Tuesday</titol>
    <artista>Thenewno2</artista>
    <genere>Pop-Rock</genere>
    <data>
      <dia>6</dia>
      <mes>Nov</mes>
      <any>2008</any>
    </data>
    <stock>117</stock>
  </canso><canso any="2008" tp="no">
    <titol>Desperate Times , Desperate Measures</titol>
    <artista>Underoath</artista>
    <genere>Metal</genere>
    <data>
      <dia>6</dia>
      <mes>Nov</mes>
      <any>2008</any>
    </data>
    <stock>258</stock>
  </canso><canso any="2008" tp="no">
    <titol>Get It On</titol>
    <artista>The Chevelles</artista>
    <genere>Rock</genere>
    <data>
      <dia>6</dia>
      <mes>Nov</mes>
      <any>2008</any>
    </data>
    <stock>25</stock>
  </canso><canso any="2008" tp="si">
    <titol>I'm Gone , I'm Going</titol>
    <artista>Lesley Roy</artista>
    <genere>Pop-Rock</genere>
    <data>
      <dia>6</dia>
      <mes>Nov</mes>
      <any>2008</any>
    </data>
    <stock>187</stock>
  </canso><canso any="2008" tp="no">
    <titol>I.V.</titol>
    <artista>X Japan</artista>
    <genere>Metal</genere>
    <data>
      <dia>6</dia>
      <mes>Nov</mes>
      <any>2008</any>
    </data>
    <stock>182</stock>
  </canso><canso any="2008" tp="si">
    <titol>Like a Fool</titol>
    <artista>Shaimus</artista>
    <genere>Indie Rock</genere>
    <data>
      <dia>6</dia>
      <mes>Nov</mes>
      <any>2008</any>
    </data>
    <stock>224</stock>
  </canso><canso any="2008" tp="no">
    <titol>Magnetic Baby</titol>
    <artista>Semi Precious Weapons</artista>
    <genere>Glam</genere>
    <data>
      <dia>6</dia>
      <mes>Nov</mes>
      <any>2008</any>
    </data>
    <stock>281</stock>
  </canso><canso any="2008" tp="no">
    <titol>Sons and Daughters</titol>
    <artista>The 88</artista>
    <genere>Pop-Rock</genere>
    <data>
      <dia>6</dia>
      <mes>Nov</mes>
      <any>2008</any>
    </data>
    <stock>232</stock>
  </canso><canso any="2008" tp="si">
    <titol>The Feeling</titol>
    <artista>Kutless</artista>
    <genere>Rock</genere>
    <data>
      <dia>6</dia>
      <mes>Nov</mes>
      <any>2008</any>
    </data>
    <stock>162</stock>
  </canso><canso any="2008" tp="si">
    <titol>The Time Is Wrong</titol>
    <artista>Tickle Me Pink</artista>
    <genere>Emo</genere>
    <data>
      <dia>6</dia>
      <mes>Nov</mes>
      <any>2008</any>
    </data>
    <stock>166</stock>
  </canso><canso any="2008" tp="no">
    <titol>Young</titol>
    <artista>Hollywood Undead</artista>
    <genere>Nu-Metal</genere>
    <data>
      <dia>6</dia>
      <mes>Nov</mes>
      <any>2008</any>
    </data>
    <stock>300</stock>
  </canso><canso any="2008" tp="si">
    <titol>Forever</titol>
    <artista>In This Moment</artista>
    <genere>Metal</genere>
    <data>
      <dia>18</dia>
      <mes>Nov</mes>
      <any>2008</any>
    </data>
    <stock>278</stock>
  </canso><canso any="2008" tp="si" single="si">
    <titol>Gone</titol>
    <artista>Crooked X</artista>
    <genere>Metal</genere>
    <data>
      <dia>18</dia>
      <mes>Nov</mes>
      <any>2008</any>
    </data>
    <stock>147</stock>
  </canso><canso any="2008" tp="si">
    <titol>Spaceman</titol>
    <artista>The Killers</artista>
    <genere>Alternative</genere>
    <data>
      <dia>25</dia>
      <mes>Nov</mes>
      <any>2008</any>
    </data>
    <stock>66</stock>
  </canso><canso any="2008" tp="no">
    <titol>Caprici Di Diablo</titol>
    <artista>Yngwie Malmsteen's Rising Force</artista>
    <genere>Metal</genere>
    <data>
      <dia>25</dia>
      <mes>Nov</mes>
      <any>2008</any>
    </data>
    <stock>214</stock>
  </canso><canso any="2008" tp="no">
    <titol>Damnation Game</titol>
    <artista>Yngwie Malmsteen's Rising Force</artista>
    <genere>Metal</genere>
    <data>
      <dia>25</dia>
      <mes>Nov</mes>
      <any>2008</any>
    </data>
    <stock>278</stock>
  </canso><canso any="2008" tp="no">
    <titol>Red Devil</titol>
    <artista>Yngwie Malmsteen's Rising Force</artista>
    <genere>Metal</genere>
    <data>
      <dia>25</dia>
      <mes>Nov</mes>
      <any>2008</any>
    </data>
    <stock>154</stock>
  </canso><canso any="2008" tp="no" single="si">
    <titol>Real World</titol>
    <artista>All-American Rejects</artista>
    <genere>Emo</genere>
    <data>
      <dia>2</dia>
      <mes>Dec</mes>
      <any>2008</any>
    </data>
    <stock>297</stock>
  </canso><canso any="2008" tp="si" single="si">
    <titol>Headphones On</titol>
    <artista>Miranda Cosgrove</artista>
    <genere>Pop-Rock</genere>
    <data>
      <dia>2</dia>
      <mes>Dec</mes>
      <any>2008</any>
    </data>
    <stock>117</stock>
  </canso><canso any="2008" tp="si" single="si">
    <titol>Body I Occupy</titol>
    <artista>The Naked Brothers Band</artista>
    <genere>Pop-Rock</genere>
    <data>
      <dia>2</dia>
      <mes>Dec</mes>
      <any>2008</any>
    </data>
    <stock>242</stock>
  </canso><canso any="2008" tp="si" single="si">
    <titol>I Don't Want to Go to School</titol>
    <artista>The Naked Brothers Band</artista>
    <genere>Pop-Rock</genere>
    <data>
      <dia>2</dia>
      <mes>Dec</mes>
      <any>2008</any>
    </data>
    <stock>4</stock>
  </canso><canso any="2008" tp="si">
    <titol>Blue Christmas</titol>
    <artista>The Pretenders</artista>
    <genere>Rock</genere>
    <data>
      <dia>23</dia>
      <mes>Dec</mes>
      <any>2008</any>
    </data>
    <stock>183</stock>
  </canso><canso any="2008" tp="si" single="si">
    <titol>Take Back the City</titol>
    <artista>Snow Patrol</artista>
    <genere>Alternative</genere>
    <data>
      <dia>30</dia>
      <mes>Dec</mes>
      <any>2008</any>
    </data>
    <stock>104</stock>
  </canso><canso any="2010" tp="si" single="si">
    <titol>The Who Super Bowl S-mashup</titol>
    <artista>The Who</artista>
    <genere>Classic Rock</genere>
    <data>
      <dia>7</dia>
      <mes>Feb</mes>
      <any>2010</any>
    </data>
    <stock>37</stock>
  </canso><canso any="2010" tp="si">
    <titol>Heartkiller</titol>
    <artista>HIM</artista>
    <genere>Alternative</genere>
    <data>
      <dia>23</dia>
      <mes>Feb</mes>
      <any>2010</any>
    </data>
    <stock>44</stock>
  </canso><canso any="2010" tp="no">
    <titol>Ode to Solitude</titol>
    <artista>HIM</artista>
    <genere>Alternative</genere>
    <data>
      <dia>23</dia>
      <mes>Feb</mes>
      <any>2010</any>
    </data>
    <stock>148</stock>
  </canso><canso any="2010" tp="si" single="si">
    <titol>The Hockey Theme</titol>
    <artista>Neil Peart</artista>
    <genere>Other</genere>
    <data>
      <dia>9</dia>
      <mes>Mar</mes>
      <any>2010</any>
    </data>
    <stock>64</stock>
  </canso><canso any="2010" tp="si" single="si">
    <titol>Am I Crazy</titol>
    <artista>Little Fish</artista>
    <genere>Indie Rock</genere>
    <data>
      <dia>23</dia>
      <mes>Mar</mes>
      <any>2010</any>
    </data>
    <stock>62</stock>
  </canso><canso any="2010" tp="no" single="si">
    <titol>Bang Bang</titol>
    <artista>Little Fish</artista>
    <genere>Indie Rock</genere>
    <data>
      <dia>23</dia>
      <mes>Mar</mes>
      <any>2010</any>
    </data>
    <stock>256</stock>
  </canso><canso any="2010" tp="no" single="si">
    <titol>Darling Dear</titol>
    <artista>Little Fish</artista>
    <genere>Indie Rock</genere>
    <data>
      <dia>23</dia>
      <mes>Mar</mes>
      <any>2010</any>
    </data>
    <stock>77</stock>
  </canso><canso any="2010" tp="si" single="si">
    <titol>Valleys of Neptune</titol>
    <artista>Jimi Hendrix</artista>
    <genere>Classic Rock</genere>
    <data>
      <dia>30</dia>
      <mes>Mar</mes>
      <any>2010</any>
    </data>
    <stock>47</stock>
  </canso><canso any="2010" tp="si">
    <titol>Guns of Summer</titol>
    <artista>Coheed and Cambria</artista>
    <genere>Prog</genere>
    <data>
      <dia>20</dia>
      <mes>Abr</mes>
      <any>2010</any>
    </data>
    <stock>55</stock>
  </canso><canso any="2010" tp="no">
    <titol>Here We Are Juggernaut</titol>
    <artista>Coheed and Cambria</artista>
    <genere>Prog</genere>
    <data>
      <dia>20</dia>
      <mes>Abr</mes>
      <any>2010</any>
    </data>
    <stock>44</stock>
  </canso><canso any="2010" tp="si">
    <titol>The Broken</titol>
    <artista>Coheed and Cambria</artista>
    <genere>Prog</genere>
    <data>
      <dia>20</dia>
      <mes>Abr</mes>
      <any>2010</any>
    </data>
    <stock>113</stock>
  </canso><canso any="2010" tp="no" single="si">
    <titol>Dearest (I'm So Sorry)</titol>
    <artista>Picture Me Broken</artista>
    <genere>Metal</genere>
    <data>
      <dia>4</dia>
      <mes>Mai</mes>
      <any>2010</any>
    </data>
    <stock>132</stock>
  </canso><canso any="2010" tp="si">
    <titol>Breaking the Law (Live)</titol>
    <artista>Judas Priest</artista>
    <genere>Metal</genere>
    <data>
      <dia>11</dia>
      <mes>Mai</mes>
      <any>2010</any>
    </data>
    <stock>19</stock>
  </canso><canso any="2010" tp="si">
    <titol>Rapid Fire (Live)</titol>
    <artista>Judas Priest</artista>
    <genere>Metal</genere>
    <data>
      <dia>11</dia>
      <mes>Mai</mes>
      <any>2010</any>
    </data>
    <stock>265</stock>
  </canso><canso any="2010" tp="no">
    <titol>Metal Gods (Live)</titol>
    <artista>Judas Priest</artista>
    <genere>Metal</genere>
    <data>
      <dia>11</dia>
      <mes>Mai</mes>
      <any>2010</any>
    </data>
    <stock>30</stock>
  </canso><canso any="2010" tp="si">
    <titol>Grinder (Live)</titol>
    <artista>Judas Priest</artista>
    <genere>Metal</genere>
    <data>
      <dia>11</dia>
      <mes>Mai</mes>
      <any>2010</any>
    </data>
    <stock>102</stock>
  </canso><canso any="2010" tp="si">
    <titol>United (Live)</titol>
    <artista>Judas Priest</artista>
    <genere>Metal</genere>
    <data>
      <dia>11</dia>
      <mes>Mai</mes>
      <any>2010</any>
    </data>
    <stock>11</stock>
  </canso><canso any="2010" tp="no">
    <titol>Living After Midnight (Live)</titol>
    <artista>Judas Priest</artista>
    <genere>Metal</genere>
    <data>
      <dia>11</dia>
      <mes>Mai</mes>
      <any>2010</any>
    </data>
    <stock>135</stock>
  </canso><canso any="2010" tp="no">
    <titol>You Don't Have to Be Old to Be Wise (Live)</titol>
    <artista>Judas Priest</artista>
    <genere>Metal</genere>
    <data>
      <dia>11</dia>
      <mes>Mai</mes>
      <any>2010</any>
    </data>
    <stock>300</stock>
  </canso><canso any="2010" tp="si">
    <titol>The Rage (Live)</titol>
    <artista>Judas Priest</artista>
    <genere>Metal</genere>
    <data>
      <dia>11</dia>
      <mes>Mai</mes>
      <any>2010</any>
    </data>
    <stock>263</stock>
  </canso><canso any="2010" tp="si">
    <titol>Steeler (Live)</titol>
    <artista>Judas Priest</artista>
    <genere>Metal</genere>
    <data>
      <dia>11</dia>
      <mes>Mai</mes>
      <any>2010</any>
    </data>
    <stock>125</stock>
  </canso><canso any="2010" tp="no">
    <titol>Trouble Comes Running</titol>
    <artista>Spoon</artista>
    <genere>Indie Rock</genere>
    <data>
      <dia>1</dia>
      <mes>Jun</mes>
      <any>2010</any>
    </data>
    <stock>205</stock>
  </canso><canso any="2010" tp="no">
    <titol>Got Nuffin</titol>
    <artista>Spoon</artista>
    <genere>Indie Rock</genere>
    <data>
      <dia>1</dia>
      <mes>Jun</mes>
      <any>2010</any>
    </data>
    <stock>265</stock>
  </canso><canso any="2010" tp="no">
    <titol>Diggin' Me Down</titol>
    <artista>Ozzy Osbourne</artista>
    <genere>Metal</genere>
    <data>
      <dia>15</dia>
      <mes>Jun</mes>
      <any>2010</any>
    </data>
    <stock>284</stock>
  </canso><canso any="2010" tp="no">
    <titol>Let Me Hear You Scream</titol>
    <artista>Ozzy Osbourne</artista>
    <genere>Metal</genere>
    <data>
      <dia>15</dia>
      <mes>Jun</mes>
      <any>2010</any>
    </data>
    <stock>33</stock>
  </canso><canso any="2010" tp="si">
    <titol>Soul Sucker</titol>
    <artista>Ozzy Osbourne</artista>
    <genere>Metal</genere>
    <data>
      <dia>15</dia>
      <mes>Jun</mes>
      <any>2010</any>
    </data>
    <stock>61</stock>
  </canso><canso any="2010" tp="no">
    <titol>Can't Be Tamed</titol>
    <artista>Miley Cyrus</artista>
    <genere>Pop-Rock</genere>
    <data>
      <dia>22</dia>
      <mes>Jun</mes>
      <any>2010</any>
    </data>
    <stock>240</stock>
  </canso><canso any="2010" tp="no">
    <titol>Yerbatero</titol>
    <artista>Juanes</artista>
    <genere>Pop-Rock</genere>
    <data>
      <dia>27</dia>
      <mes>Jul</mes>
      <any>2010</any>
    </data>
    <stock>38</stock>
  </canso><canso any="2010" tp="no">
    <titol>Nightmare</titol>
    <artista>Avenged Sevenfold</artista>
    <genere>Metal</genere>
    <data>
      <dia>27</dia>
      <mes>Jul</mes>
      <any>2010</any>
    </data>
    <stock>182</stock>
  </canso><canso any="2010" tp="no">
    <titol>Animal</titol>
    <artista>Neon Trees</artista>
    <genere>Pop-Rock</genere>
    <data>
      <dia>17</dia>
      <mes>Ago</mes>
      <any>2010</any>
    </data>
    <stock>117</stock>
  </canso><canso any="2010" tp="no">
    <titol>Sins of My Youth</titol>
    <artista>Neon Trees</artista>
    <genere>Pop-Rock</genere>
    <data>
      <dia>17</dia>
      <mes>Ago</mes>
      <any>2010</any>
    </data>
    <stock>154</stock>
  </canso><canso any="2010" tp="no">
    <titol>1983</titol>
    <artista>Neon Trees</artista>
    <genere>Pop-Rock</genere>
    <data>
      <dia>17</dia>
      <mes>Ago</mes>
      <any>2010</any>
    </data>
    <stock>121</stock>
  </canso><canso any="2010" tp="no">
    <titol>Asylum</titol>
    <artista>Disturbed</artista>
    <genere>Metal</genere>
    <data>
      <dia>24</dia>
      <mes>Ago</mes>
      <any>2010</any>
    </data>
    <stock>169</stock>
  </canso><canso any="2010" tp="no">
    <titol>The Animal</titol>
    <artista>Disturbed</artista>
    <genere>Metal</genere>
    <data>
      <dia>24</dia>
      <mes>Ago</mes>
      <any>2010</any>
    </data>
    <stock>18</stock>
  </canso><canso any="2010" tp="no">
    <titol>Another Way to Die</titol>
    <artista>Disturbed</artista>
    <genere>Metal</genere>
    <data>
      <dia>24</dia>
      <mes>Ago</mes>
      <any>2010</any>
    </data>
    <stock>100</stock>
  </canso><canso any="2010" tp="no">
    <titol>Bury Me Alive</titol>
    <artista>We Are The Fallen</artista>
    <genere>Metal</genere>
    <data>
      <dia>24</dia>
      <mes>Ago</mes>
      <any>2010</any>
    </data>
    <stock>64</stock>
  </canso><canso any="2010" tp="no">
    <titol>Rebound</titol>
    <artista>Laura Bell Bundy</artista>
    <genere>Country</genere>
    <data>
      <dia>31</dia>
      <mes>Ago</mes>
      <any>2010</any>
    </data>
    <stock>188</stock>
  </canso><canso any="2010" tp="no" single="si">
    <titol>Beautiful (Rock Band Mix)</titol>
    <artista>Snoop Dogg</artista>
    <genere>Urban</genere>
    <data>
      <dia>7</dia>
      <mes>Set</mes>
      <any>2010</any>
    </data>
    <stock>83</stock>
  </canso><canso any="2010" tp="no" single="si">
    <titol>Drop It Like It's Hot (Rock Band Mix)</titol>
    <artista>Snoop Dogg</artista>
    <genere>Urban</genere>
    <data>
      <dia>7</dia>
      <mes>Set</mes>
      <any>2010</any>
    </data>
    <stock>254</stock>
  </canso><canso any="2010" tp="no" single="si">
    <titol>Ridin' in My Chevy (Rock Band Mix)</titol>
    <artista>Snoop Dogg</artista>
    <genere>Urban</genere>
    <data>
      <dia>7</dia>
      <mes>Set</mes>
      <any>2010</any>
    </data>
    <stock>176</stock>
  </canso><canso any="2010" tp="no" single="si">
    <titol>Sensual Seduction (Rock Band Mix)</titol>
    <artista>Snoop Dogg</artista>
    <genere>Urban</genere>
    <data>
      <dia>7</dia>
      <mes>Set</mes>
      <any>2010</any>
    </data>
    <stock>142</stock>
  </canso><canso any="2010" tp="no" single="si">
    <titol>Snoop's Upside Ya Head (Rock Band Mix)</titol>
    <artista>Snoop Dogg</artista>
    <genere>Urban</genere>
    <data>
      <dia>7</dia>
      <mes>Set</mes>
      <any>2010</any>
    </data>
    <stock>257</stock>
  </canso><canso any="2010" tp="no" single="si">
    <titol>Tha Shiznit (Rock Band Mix)</titol>
    <artista>Snoop Dogg</artista>
    <genere>Urban</genere>
    <data>
      <dia>7</dia>
      <mes>Set</mes>
      <any>2010</any>
    </data>
    <stock>54</stock>
  </canso><canso any="2010" tp="no" single="si">
    <titol>Who Am I (What's My Name)? (Rock Band Mix)</titol>
    <artista>Snoop Dogg</artista>
    <genere>Urban</genere>
    <data>
      <dia>7</dia>
      <mes>Set</mes>
      <any>2010</any>
    </data>
    <stock>292</stock>
  </canso><canso any="2010" tp="si" single="si">
    <titol>Stone Free</titol>
    <artista>Jimi Hendrix</artista>
    <genere>Classic Rock</genere>
    <data>
      <dia>12</dia>
      <mes>Oct</mes>
      <any>2010</any>
    </data>
    <stock>30</stock>
  </canso><canso any="2010" tp="no">
    <titol>Huckleberry Crumble</titol>
    <artista>Stone Temple Pilots</artista>
    <genere>Alternative</genere>
    <data>
      <dia>19</dia>
      <mes>Oct</mes>
      <any>2010</any>
    </data>
    <stock>79</stock>
  </canso><canso any="2010" tp="si">
    <titol>My Best Theory</titol>
    <artista>Jimmy Eat World</artista>
    <genere>Pop-Rock</genere>
    <data>
      <dia>19</dia>
      <mes>Oct</mes>
      <any>2010</any>
    </data>
    <stock>295</stock>
  </canso><canso any="2010" tp="no" single="si">
    <titol>Starting to Appreciate</titol>
    <artista>Tutankamon</artista>
    <genere>Pop-Rock</genere>
    <data>
      <dia>21</dia>
      <mes>Dec</mes>
      <any>2010</any>
    </data>
    <extres>Core</extres>
    <stock>173</stock>
  </canso><canso any="2011" tp="si">
    <titol>Rope</titol>
    <artista>Foo Fighters</artista>
    <genere>Alternative</genere>
    <data>
      <dia>10</dia>
      <mes>Mai</mes>
      <any>2011</any>
    </data>
    <extres>Core and Pro Guitar/Bass</extres>
    <stock>190</stock>
  </canso><canso any="2011" tp="si">
    <titol>Walk</titol>
    <artista>Foo Fighters</artista>
    <genere>Alternative</genere>
    <data>
      <dia>10</dia>
      <mes>Mai</mes>
      <any>2011</any>
    </data>
    <extres>Core</extres>
    <stock>177</stock>
  </canso><canso any="2011" tp="no">
    <titol>Born This Way</titol>
    <artista>Lady Gaga</artista>
    <genere>Pop/Dance/Electronic</genere>
    <data>
      <dia>23</dia>
      <mes>Mai</mes>
      <any>2011</any>
    </data>
    <extres>Core</extres>
    <stock>195</stock>
  </canso><canso any="2011" tp="si">
    <titol>Help Is on the Way</titol>
    <artista>Rise Against</artista>
    <genere>Punk</genere>
    <data>
      <dia>7</dia>
      <mes>Jun</mes>
      <any>2011</any>
    </data>
    <extres>Core</extres>
    <stock>286</stock>
  </canso><canso any="2011" tp="si">
    <titol>When You're Young</titol>
    <artista>3 Doors Down</artista>
    <genere>Rock</genere>
    <data>
      <dia>28</dia>
      <mes>Jun</mes>
      <any>2011</any>
    </data>
    <extres>Core</extres>
    <stock>85</stock>
  </canso><canso any="2011" tp="no" single="si">
    <titol>Make Some Noise</titol>
    <artista>Beastie Boys</artista>
    <genere>Hip-Hop/Rap</genere>
    <data>
      <dia>2</dia>
      <mes>Ago</mes>
      <any>2011</any>
    </data>
    <extres>Core</extres>
    <stock>49</stock>
  </canso><canso any="2011" tp="no">
    <titol>Animal (Live)</titol>
    <artista>Def Leppard</artista>
    <genere>Rock</genere>
    <data>
      <dia>9</dia>
      <mes>Ago</mes>
      <any>2011</any>
    </data>
    <extres>Core and Pro Guitar/Bass</extres>
    <stock>38</stock>
  </canso><canso any="2011" tp="no">
    <titol>Pour Some Sugar on Me (Live)</titol>
    <artista>Def Leppard</artista>
    <genere>Rock</genere>
    <data>
      <dia>9</dia>
      <mes>Ago</mes>
      <any>2011</any>
    </data>
    <extres>Core and Pro Guitar/Bass</extres>
    <stock>112</stock>
  </canso><canso any="2011" tp="no">
    <titol>Undefeated</titol>
    <artista>Def Leppard</artista>
    <genere>Rock</genere>
    <data>
      <dia>9</dia>
      <mes>Ago</mes>
      <any>2011</any>
    </data>
    <extres>Core and Pro Guitar/Bass</extres>
    <stock>18</stock>
  </canso><canso any="2011" tp="si">
    <titol>Adolescents</titol>
    <artista>Incubus</artista>
    <genere>Alternative</genere>
    <data>
      <dia>23</dia>
      <mes>Ago</mes>
      <any>2011</any>
    </data>
    <extres>Core</extres>
    <stock>204</stock>
  </canso><canso any="2011" tp="no">
    <titol>Look Around</titol>
    <artista>Red Hot Chili Peppers</artista>
    <genere>Alternative</genere>
    <data>
      <dia>30</dia>
      <mes>Ago</mes>
      <any>2011</any>
    </data>
    <extres>Core</extres>
    <stock>96</stock>
  </canso><canso any="2011" tp="no">
    <titol>Monarchy of Roses</titol>
    <artista>Red Hot Chili Peppers</artista>
    <genere>Alternative</genere>
    <data>
      <dia>30</dia>
      <mes>Ago</mes>
      <any>2011</any>
    </data>
    <extres>Core</extres>
    <stock>243</stock>
  </canso><canso any="2011" tp="no">
    <titol>The Adventures of Rain Dance Maggie</titol>
    <artista>Red Hot Chili Peppers</artista>
    <genere>Alternative</genere>
    <data>
      <dia>30</dia>
      <mes>Ago</mes>
      <any>2011</any>
    </data>
    <extres>Core and Pro Guitar/Bass</extres>
    <stock>63</stock>
  </canso><canso any="2011" tp="no">
    <titol>Gold Cobra</titol>
    <artista>Limp Bizkit</artista>
    <genere>Nu-Metal</genere>
    <data>
      <dia>4</dia>
      <mes>Oct</mes>
      <any>2011</any>
    </data>
    <extres>Core</extres>
    <stock>119</stock>
  </canso><canso any="2011" tp="si">
    <titol>Up All Night</titol>
    <artista>Blink-182</artista>
    <genere>Punk</genere>
    <data>
      <dia>11</dia>
      <mes>Oct</mes>
      <any>2011</any>
    </data>
    <extres>Core and Pro Guitar/Bass</extres>
    <stock>123</stock>
  </canso><canso any="2011" tp="si">
    <titol>Every Teardrop Is a Waterfall</titol>
    <artista>Coldplay</artista>
    <genere>Alternative</genere>
    <data>
      <dia>18</dia>
      <mes>Oct</mes>
      <any>2011</any>
    </data>
    <extres>Core</extres>
    <stock>29</stock>
  </canso><canso any="2011" tp="no">
    <titol>This Means War</titol>
    <artista>Nickelback</artista>
    <genere>Rock</genere>
    <data>
      <dia>22</dia>
      <mes>Nov</mes>
      <any>2011</any>
    </data>
    <extres>Core</extres>
    <stock>161</stock>
  </canso><canso any="2011" tp="no">
    <titol>On the Backs of Angels</titol>
    <artista>Dream Theater</artista>
    <genere>Prog</genere>
    <data>
      <dia>29</dia>
      <mes>Nov</mes>
      <any>2011</any>
    </data>
    <extres>Core and Pro Guitar/Bass</extres>
    <stock>255</stock>
  </canso><canso any="2011" tp="si">
    <titol>In Waves</titol>
    <artista>Trivium</artista>
    <genere>Metal</genere>
    <data>
      <dia>29</dia>
      <mes>Nov</mes>
      <any>2011</any>
    </data>
    <extres>Core</extres>
    <stock>237</stock>
  </canso><canso any="2011" tp="si" single="si">
    <titol>Rebel Love canso</titol>
    <artista>Black Veil Brides</artista>
    <genere>Rock</genere>
    <data>
      <dia>13</dia>
      <mes>Dec</mes>
      <any>2011</any>
    </data>
    <extres>Core</extres>
    <stock>9</stock>
  </canso><canso any="2011" tp="si">
    <titol>You Make Me Feel...</titol>
    <artista>Cobra Starship (ft. Sabi)</artista>
    <genere>Pop/Dance/Electronic</genere>
    <data>
      <dia>27</dia>
      <mes>Dec</mes>
      <any>2011</any>
    </data>
    <extres>Core</extres>
    <stock>106</stock>
  </canso><canso any="2011" tp="si">
    <titol>Stereo Hearts</titol>
    <artista>Gym Class Heroes (ft. Adam Levine)</artista>
    <genere>Hip-Hop/Rap</genere>
    <data>
      <dia>27</dia>
      <mes>Dec</mes>
      <any>2011</any>
    </data>
    <extres>Core</extres>
    <stock>244</stock>
  </canso><canso any="2011" tp="si">
    <titol>Panic</titol>
    <artista>Sublime with Rome</artista>
    <genere>Reggae/Ska</genere>
    <data>
      <dia>27</dia>
      <mes>Dec</mes>
      <any>2011</any>
    </data>
    <extres>Core and Pro Guitar/Bass</extres>
    <stock>116</stock>
  </canso><canso any="2012" tp="desconegut">
    <titol>Bully</titol>
    <artista>Shinedown</artista>
    <genere>Nu-Metal</genere>
    <data>
      <dia>27</dia>
      <mes>Mar</mes>
      <any>2012</any>
    </data>
    <extres>Core</extres>
    <stock>289</stock>
  </canso><canso any="2012" tp="si">
    <titol>Good Girl</titol>
    <artista>Carrie Underwood</artista>
    <genere>Country</genere>
    <data>
      <dia>26</dia>
      <mes>Jun</mes>
      <any>2012</any>
    </data>
    <extres>Core and Pro-Guitar/Bass</extres>
    <stock>176</stock>
  </canso><canso any="2012" tp="si" single="si">
    <titol>Gonzo</titol>
    <artista>All-American Rejects</artista>
    <genere>Emo</genere>
    <data>
      <dia>3</dia>
      <mes>Jul</mes>
      <any>2012</any>
    </data>
    <extres>Core</extres>
    <stock>36</stock>
  </canso><canso any="2012" tp="si">
    <titol>Burn It Down</titol>
    <artista>Linkin Park</artista>
    <genere>Nu-Metal</genere>
    <data>
      <dia>4</dia>
      <mes>Set</mes>
      <any>2012</any>
    </data>
    <extres>Core</extres>
    <stock>183</stock>
  </canso><canso any="2012" tp="desconegut">
    <titol>She's So Mean</titol>
    <artista>Matchbox Twenty</artista>
    <genere>Alternative</genere>
    <data>
      <dia>11</dia>
      <mes>Set</mes>
      <any>2012</any>
    </data>
    <extres>Core</extres>
    <stock>139</stock>
  </canso><canso any="2012" tp="si" single="si">
    <titol>Days Go By</titol>
    <artista>The Offspring</artista>
    <genere>Rock</genere>
    <data>
      <dia>18</dia>
      <mes>Set</mes>
      <any>2012</any>
    </data>
    <extres>Core and Pro-Guitar/Bass</extres>
    <stock>110</stock>
  </canso><canso any="2012" tp="si">
    <titol>Oh Love</titol>
    <artista>Green Day</artista>
    <genere>Rock</genere>
    <data>
      <dia>25</dia>
      <mes>Set</mes>
      <any>2012</any>
    </data>
    <extres>Core</extres>
    <stock>44</stock>
  </canso><canso any="2012" tp="si">
    <titol>Mercy</titol>
    <artista>Dave Matthews Band</artista>
    <genere>Rock</genere>
    <data>
      <dia>6</dia>
      <mes>Nov</mes>
      <any>2012</any>
    </data>
    <extres>Core</extres>
    <stock>15</stock>
  </canso><canso any="2012" tp="si" single="si">
    <titol>Cry Thunder</titol>
    <artista>Dragonforce</artista>
    <genere>Metal</genere>
    <data>
      <dia>20</dia>
      <mes>Nov</mes>
      <any>2012</any>
    </data>
    <extres>Core</extres>
    <stock>11</stock>
  </canso><canso any="2012" tp="si" single="si">
    <titol>Call Me Maybe</titol>
    <artista>Carly Rae Jepsen</artista>
    <genere>Pop/Dance/Electronic</genere>
    <data>
      <dia>27</dia>
      <mes>Nov</mes>
      <any>2012</any>
    </data>
    <extres>Core</extres>
    <stock>142</stock>
  </canso><canso any="2012" tp="desconegut" single="si">
    <titol>We Are Young</titol>
    <artista>fun. ft. Janelle Mon&#xC3;&#xA1;e</artista>
    <genere>Indie Rock</genere>
    <data>
      <dia>30</dia>
      <mes>Dec</mes>
      <any>2012</any>
    </data>
    <extres>Core</extres>
    <stock>237</stock>
  </canso>