<canso any="2014" tp="si" single="si">
    <titol>Divide</titol>
    <artista>All That Remains</artista>
    <genere>Metal</genere>
    <data>
      <dia>6</dia>
      <mes>Oct</mes>
      <any>2017</any>
    </data>
    <extres>Harmonies</extres>
    <stock>108</stock>
  </canso><canso any="1978" tp="si" single="si">
    <titol>September</titol>
    <artista>"Earth , Wind and Fire"</artista>
    <genere>R and B/Soul/Funk</genere>
    <data>
      <dia>6</dia>
      <mes>Oct</mes>
      <any>2017</any>
    </data>
    <extres>Harmonies</extres>
    <stock>57</stock>
  </canso><canso any="2014" tp="no" single="si">
    <titol>Rebellion (ft. Daron Malakian)</titol>
    <artista>Linkin Park</artista>
    <genere>Nu-Metal</genere>
    <data>
      <dia>6</dia>
      <mes>Oct</mes>
      <any>2017</any>
    </data>
    <extres>Harmonies</extres>
    <stock>24</stock>
  </canso><canso any="1991" tp="no" single="si">
    <titol>Cowboys from Hell (Live from Monsters in Moscow Festival)</titol>
    <artista>Pantera</artista>
    <genere>Metal</genere>
    <data>
      <dia>6</dia>
      <mes>Oct</mes>
      <any>2017</any>
    </data>
    <extres>No</extres>
    <stock>8</stock>
  </canso><canso any="2012" tp="desconegut" single="si">
    <titol>King for a Day (ft. Kellin Quinn)</titol>
    <artista>Pierce the Veil</artista>
    <genere>Emo</genere>
    <data>
      <dia>6</dia>
      <mes>Oct</mes>
      <any>2017</any>
    </data>
    <extres>Harmonies</extres>
    <stock>241</stock>
  </canso>