<canso any="1969" tp="si" single="si">
    <titol>Fortunate Son</titol>
    <artista>Creedence Clearwater Revival</artista>
    <genere>Southern Rock</genere>
    <data>
      <dia>20</dia>
      <mes>Nov</mes>
      <any>2007</any>
    </data>
    <stock>137</stock>
  </canso><canso any="1981" tp="si" single="si">
    <titol>Juke Box Hero</titol>
    <artista>Foreigner</artista>
    <genere>Classic Rock</genere>
    <data>
      <dia>20</dia>
      <mes>Nov</mes>
      <any>2007</any>
    </data>
    <stock>242</stock>
  </canso><canso any="2005" tp="si" single="si">
    <titol>Joker and the Thief</titol>
    <artista>Wolfmother</artista>
    <genere>Rock</genere>
    <data>
      <dia>20</dia>
      <mes>Nov</mes>
      <any>2007</any>
    </data>
    <stock>249</stock>
  </canso><canso any="1980" tp="si" single="si">
    <titol>Brass in Pocket</titol>
    <artista>The Pretenders</artista>
    <genere>Pop-Rock</genere>
    <data>
      <dia>18</dia>
      <mes>Dec</mes>
      <any>2007</any>
    </data>
    <stock>293</stock>
  </canso><canso any="1994" tp="si" single="si">
    <titol>Buddy Holly</titol>
    <artista>Weezer</artista>
    <genere>Alternative</genere>
    <data>
      <dia>18</dia>
      <mes>Dec</mes>
      <any>2007</any>
    </data>
    <stock>95</stock>
  </canso><canso any="2005" tp="si" single="si">
    <titol>The Kill</titol>
    <artista>Thirty Seconds to Mars</artista>
    <genere>Emo</genere>
    <data>
      <dia>25</dia>
      <mes>Dec</mes>
      <any>2007</any>
    </data>
    <stock>142</stock>
  </canso><canso any="2005" tp="si" single="si">
    <titol>Dirty Little Secret</titol>
    <artista>All-American Rejects</artista>
    <genere>Emo</genere>
    <data>
      <dia>25</dia>
      <mes>Dec</mes>
      <any>2007</any>
    </data>
    <stock>6</stock>
  </canso><canso any="2005" tp="si" single="si">
    <titol>Move Along</titol>
    <artista>All-American Rejects</artista>
    <genere>Emo</genere>
    <data>
      <dia>25</dia>
      <mes>Dec</mes>
      <any>2007</any>
    </data>
    <stock>258</stock>
  </canso><canso any="2006" tp="si" single="si">
    <titol>canso with a Mission</titol>
    <artista>The Sounds</artista>
    <genere>Alternative</genere>
    <data>
      <dia>25</dia>
      <mes>Dec</mes>
      <any>2007</any>
    </data>
    <stock>61</stock>
  </canso><canso any="1973" tp="si" single="si">
    <titol>Gimme Three Steps</titol>
    <artista>Lynyrd Skynyrd</artista>
    <genere>Southern Rock</genere>
    <data>
      <dia>1</dia>
      <mes>Gen</mes>
      <any>2008</any>
    </data>
    <stock>266</stock>
  </canso><canso any="1990" tp="si" single="si">
    <titol>Hard to Handle</titol>
    <artista>The Black Crowes</artista>
    <genere>Rock</genere>
    <data>
      <dia>1</dia>
      <mes>Gen</mes>
      <any>2008</any>
    </data>
    <stock>100</stock>
  </canso><canso any="1981" tp="si" single="si">
    <titol>Limelight</titol>
    <artista>Rush</artista>
    <genere>Prog</genere>
    <data>
      <dia>1</dia>
      <mes>Gen</mes>
      <any>2008</any>
    </data>
    <stock>19</stock>
  </canso><canso any="1994" tp="si" single="si">
    <titol>Interstate Love canso</titol>
    <artista>Stone Temple Pilots</artista>
    <genere>Rock</genere>
    <data>
      <dia>8</dia>
      <mes>Gen</mes>
      <any>2008</any>
    </data>
    <stock>169</stock>
  </canso><canso any="1966" tp="si" single="si">
    <titol>Last Train to Clarksville</titol>
    <artista>The Monkees</artista>
    <genere>Pop-Rock</genere>
    <data>
      <dia>15</dia>
      <mes>Gen</mes>
      <any>2008</any>
    </data>
    <stock>169</stock>
  </canso><canso any="1999" tp="si" single="si">
    <titol>All the Small Things</titol>
    <artista>Blink-182</artista>
    <genere>Punk</genere>
    <data>
      <dia>15</dia>
      <mes>Gen</mes>
      <any>2008</any>
    </data>
    <stock>197</stock>
  </canso><canso any="1991" tp="si" single="si">
    <titol>Siva</titol>
    <artista>Smashing Pumpkins</artista>
    <genere>Alternative</genere>
    <data>
      <dia>29</dia>
      <mes>Gen</mes>
      <any>2008</any>
    </data>
    <stock>293</stock>
  </canso><canso any="1989" tp="si" single="si">
    <titol>Roam</titol>
    <artista>The B-52's</artista>
    <genere>Pop-Rock</genere>
    <data>
      <dia>5</dia>
      <mes>Feb</mes>
      <any>2008</any>
    </data>
    <stock>40</stock>
  </canso><canso any="2007" tp="si" single="si">
    <titol>Crushcrushcrush</titol>
    <artista>Paramore</artista>
    <genere>Pop-Rock</genere>
    <data>
      <dia>11</dia>
      <mes>Mar</mes>
      <any>2008</any>
    </data>
    <stock>295</stock>
  </canso><canso any="2007" tp="si" single="si">
    <titol>Still Alive</titol>
    <artista>GLaDOS</artista>
    <genere>Pop-Rock</genere>
    <data>
      <dia>1</dia>
      <mes>Abr</mes>
      <any>2008</any>
    </data>
    <stock>79</stock>
  </canso><canso any="2005" tp="si" single="si">
    <titol>Red Tandy</titol>
    <artista>The Mother Hips</artista>
    <genere>Rock</genere>
    <data>
      <dia>29</dia>
      <mes>Abr</mes>
      <any>2008</any>
    </data>
    <stock>129</stock>
  </canso><canso any="2007" tp="si" single="si">
    <titol>Time-Sick Son of a Grizzly Bear</titol>
    <artista>The Mother Hips</artista>
    <genere>Rock</genere>
    <data>
      <dia>29</dia>
      <mes>Abr</mes>
      <any>2008</any>
    </data>
    <stock>20</stock>
  </canso><canso any="1978" tp="si" single="si">
    <titol>Hanging on the Telephone</titol>
    <artista>Blondie</artista>
    <genere>Pop-Rock</genere>
    <data>
      <dia>13</dia>
      <mes>Mai</mes>
      <any>2008</any>
    </data>
    <stock>147</stock>
  </canso><canso any="1979" tp="si" single="si">
    <titol>Train in Vain (Stand by Me)</titol>
    <artista>The Clash</artista>
    <genere>Punk</genere>
    <data>
      <dia>13</dia>
      <mes>Mai</mes>
      <any>2008</any>
    </data>
    <stock>177</stock>
  </canso><canso any="1990" tp="si" single="si">
    <titol>Kool Thing</titol>
    <artista>Sonic Youth</artista>
    <genere>Alternative</genere>
    <data>
      <dia>13</dia>
      <mes>Mai</mes>
      <any>2008</any>
    </data>
    <stock>179</stock>
  </canso><canso any="2003" tp="si" single="si">
    <titol>Hysteria</titol>
    <artista>Muse</artista>
    <genere>Alternative</genere>
    <data>
      <dia>20</dia>
      <mes>Mai</mes>
      <any>2008</any>
    </data>
    <stock>164</stock>
  </canso><canso any="2005" tp="si" single="si">
    <titol>Monsoon</titol>
    <artista>Tokio Hotel</artista>
    <genere>Glam</genere>
    <data>
      <dia>20</dia>
      <mes>Mai</mes>
      <any>2008</any>
    </data>
    <stock>252</stock>
  </canso><canso any="1994" tp="si" single="si">
    <titol>Rock 'n' Roll Star</titol>
    <artista>Oasis</artista>
    <genere>Rock</genere>
    <data>
      <dia>20</dia>
      <mes>Mai</mes>
      <any>2008</any>
    </data>
    <stock>141</stock>
  </canso><canso any="2008" tp="si" single="si">
    <titol>Rock n' Roll Dream</titol>
    <artista>Crooked X</artista>
    <genere>Rock</genere>
    <data>
      <dia>17</dia>
      <mes>Jun</mes>
      <any>2008</any>
    </data>
    <stock>55</stock>
  </canso><canso any="1977" tp="si" single="si">
    <titol>Closer to the Heart</titol>
    <artista>Rush</artista>
    <genere>Prog</genere>
    <data>
      <dia>8</dia>
      <mes>Jul</mes>
      <any>2008</any>
    </data>
    <stock>131</stock>
  </canso><canso any="2008" tp="si" single="si">
    <titol>Devour</titol>
    <artista>Shinedown</artista>
    <genere>Nu-Metal</genere>
    <data>
      <dia>22</dia>
      <mes>Jul</mes>
      <any>2008</any>
    </data>
    <stock>104</stock>
  </canso><canso any="2008" tp="si" single="si">
    <titol>This Is It</titol>
    <artista>Staind</artista>
    <genere>Nu-Metal</genere>
    <data>
      <dia>29</dia>
      <mes>Jul</mes>
      <any>2008</any>
    </data>
    <stock>108</stock>
  </canso><canso any="1992" tp="si" single="si">
    <titol>Electric Crown</titol>
    <artista>Testament</artista>
    <genere>Metal</genere>
    <data>
      <dia>29</dia>
      <mes>Jul</mes>
      <any>2008</any>
    </data>
    <stock>64</stock>
  </canso><canso any="2008" tp="si" single="si">
    <titol>Yomp</titol>
    <artista>Thenewno2</artista>
    <genere>Pop-Rock</genere>
    <data>
      <dia>29</dia>
      <mes>Jul</mes>
      <any>2008</any>
    </data>
    <stock>236</stock>
  </canso><canso any="2002" tp="si" single="si">
    <titol>Toxicity</titol>
    <artista>System of a Down</artista>
    <genere>Metal</genere>
    <data>
      <dia>5</dia>
      <mes>Ago</mes>
      <any>2008</any>
    </data>
    <stock>140</stock>
  </canso><canso any="1980" tp="si" single="si">
    <titol>Girl U Want (Rock Band Re-Record)</titol>
    <artista>Devo</artista>
    <genere>New Wave</genere>
    <data>
      <dia>19</dia>
      <mes>Ago</mes>
      <any>2008</any>
    </data>
    <stock>63</stock>
  </canso><canso any="1981" tp="si" single="si">
    <titol>Through Being Cool (Rock Band Re-Record)</titol>
    <artista>Devo</artista>
    <genere>New Wave</genere>
    <data>
      <dia>19</dia>
      <mes>Ago</mes>
      <any>2008</any>
    </data>
    <stock>184</stock>
  </canso><canso any="1982" tp="si" single="si">
    <titol>Rio</titol>
    <artista>Duran Duran</artista>
    <genere>Pop-Rock</genere>
    <data>
      <dia>19</dia>
      <mes>Ago</mes>
      <any>2008</any>
    </data>
    <stock>148</stock>
  </canso><canso any="1981" tp="si" single="si">
    <titol>Girls on Film</titol>
    <artista>Duran Duran</artista>
    <genere>Pop-Rock</genere>
    <data>
      <dia>19</dia>
      <mes>Ago</mes>
      <any>2008</any>
    </data>
    <stock>84</stock>
  </canso><canso any="2008" tp="si" single="si">
    <titol>Get Your Rock On</titol>
    <artista>The Janitors</artista>
    <genere>Pop-Rock</genere>
    <data>
      <dia>19</dia>
      <mes>Ago</mes>
      <any>2008</any>
    </data>
    <stock>128</stock>
  </canso><canso any="1986" tp="si" single="si">
    <titol>Charlene (I'm Right Behind You)</titol>
    <artista>Stephen and the Colberts</artista>
    <genere>Pop-Rock</genere>
    <data>
      <dia>11</dia>
      <mes>Set</mes>
      <any>2008</any>
    </data>
    <stock>144</stock>
  </canso><canso any="1985" tp="si" single="si">
    <titol>She Sells Sanctuary</titol>
    <artista>The Cult</artista>
    <genere>Rock</genere>
    <data>
      <dia>23</dia>
      <mes>Set</mes>
      <any>2008</any>
    </data>
    <stock>296</stock>
  </canso><canso any="1982" tp="si" single="si">
    <titol>Bad to the Bone</titol>
    <artista>George Thorogood and the Destroyers</artista>
    <genere>Rock</genere>
    <data>
      <dia>7</dia>
      <mes>Oct</mes>
      <any>2008</any>
    </data>
    <stock>266</stock>
  </canso><canso any="1992" tp="si" single="si">
    <titol>Nearly Lost You</titol>
    <artista>Screaming Trees</artista>
    <genere>Grunge</genere>
    <data>
      <dia>7</dia>
      <mes>Oct</mes>
      <any>2008</any>
    </data>
    <stock>239</stock>
  </canso><canso any="2006" tp="si" single="si">
    <titol>Well Thought Out Twinkles</titol>
    <artista>Silversun Pickups</artista>
    <genere>Indie Rock</genere>
    <data>
      <dia>28</dia>
      <mes>Oct</mes>
      <any>2008</any>
    </data>
    <stock>74</stock>
  </canso><canso any="2006" tp="si" single="si">
    <titol>Melatonin</titol>
    <artista>Silversun Pickups</artista>
    <genere>Indie Rock</genere>
    <data>
      <dia>28</dia>
      <mes>Oct</mes>
      <any>2008</any>
    </data>
    <stock>130</stock>
  </canso><canso any="1981" tp="si" single="si">
    <titol>Pretty in Pink</titol>
    <artista>The Psychedelic Furs</artista>
    <genere>Rock</genere>
    <data>
      <dia>28</dia>
      <mes>Oct</mes>
      <any>2008</any>
    </data>
    <stock>195</stock>
  </canso><canso any="2008" tp="si" single="si">
    <titol>Gone</titol>
    <artista>Crooked X</artista>
    <genere>Metal</genere>
    <data>
      <dia>18</dia>
      <mes>Nov</mes>
      <any>2008</any>
    </data>
    <stock>147</stock>
  </canso><canso any="2006" tp="si" single="si">
    <titol>Tutto &#xC3;&#xA8; possibile</titol>
    <artista>Finley</artista>
    <genere>Punk</genere>
    <data>
      <dia>2</dia>
      <mes>Dec</mes>
      <any>2008</any>
    </data>
    <stock>235</stock>
  </canso><canso any="1981" tp="si" single="si">
    <titol>Tempted</titol>
    <artista>Squeeze</artista>
    <genere>Rock</genere>
    <data>
      <dia>2</dia>
      <mes>Dec</mes>
      <any>2008</any>
    </data>
    <stock>286</stock>
  </canso><canso any="2007" tp="si" single="si">
    <titol>Ready , Set , Go!</titol>
    <artista>Tokio Hotel</artista>
    <genere>Pop-Rock</genere>
    <data>
      <dia>2</dia>
      <mes>Dec</mes>
      <any>2008</any>
    </data>
    <stock>80</stock>
  </canso><canso any="2008" tp="si" single="si">
    <titol>Headphones On</titol>
    <artista>Miranda Cosgrove</artista>
    <genere>Pop-Rock</genere>
    <data>
      <dia>2</dia>
      <mes>Dec</mes>
      <any>2008</any>
    </data>
    <stock>117</stock>
  </canso><canso any="2008" tp="si" single="si">
    <titol>Body I Occupy</titol>
    <artista>The Naked Brothers Band</artista>
    <genere>Pop-Rock</genere>
    <data>
      <dia>2</dia>
      <mes>Dec</mes>
      <any>2008</any>
    </data>
    <stock>242</stock>
  </canso><canso any="2008" tp="si" single="si">
    <titol>I Don't Want to Go to School</titol>
    <artista>The Naked Brothers Band</artista>
    <genere>Pop-Rock</genere>
    <data>
      <dia>2</dia>
      <mes>Dec</mes>
      <any>2008</any>
    </data>
    <stock>4</stock>
  </canso><canso any="1972" tp="si" single="si">
    <titol>Space Truckin'</titol>
    <artista>Deep Purple</artista>
    <genere>Classic Rock</genere>
    <data>
      <dia>30</dia>
      <mes>Dec</mes>
      <any>2008</any>
    </data>
    <stock>189</stock>
  </canso><canso any="1970" tp="si" single="si">
    <titol>Funk #49</titol>
    <artista>James Gang</artista>
    <genere>Classic Rock</genere>
    <data>
      <dia>30</dia>
      <mes>Dec</mes>
      <any>2008</any>
    </data>
    <extres>Pro Guitar/Bass</extres>
    <stock>139</stock>
  </canso><canso any="2008" tp="si" single="si">
    <titol>Take Back the City</titol>
    <artista>Snow Patrol</artista>
    <genere>Alternative</genere>
    <data>
      <dia>30</dia>
      <mes>Dec</mes>
      <any>2008</any>
    </data>
    <stock>104</stock>
  </canso><canso any="1982" tp="si" single="si">
    <titol>Love My Way</titol>
    <artista>The Psychedelic Furs</artista>
    <genere>New Wave</genere>
    <data>
      <dia>5</dia>
      <mes>Gen</mes>
      <any>2010</any>
    </data>
    <stock>142</stock>
  </canso><canso any="1978" tp="si" single="si">
    <titol>Rock 'n' Roll High School</titol>
    <artista>Ramones</artista>
    <genere>Punk</genere>
    <data>
      <dia>5</dia>
      <mes>Gen</mes>
      <any>2010</any>
    </data>
    <stock>101</stock>
  </canso><canso any="2009" tp="si" single="si">
    <titol>1901</titol>
    <artista>Phoenix</artista>
    <genere>Alternative</genere>
    <data>
      <dia>19</dia>
      <mes>Gen</mes>
      <any>2010</any>
    </data>
    <stock>63</stock>
  </canso><canso any="2009" tp="si" single="si">
    <titol>Lisztomania</titol>
    <artista>Phoenix</artista>
    <genere>Alternative</genere>
    <data>
      <dia>19</dia>
      <mes>Gen</mes>
      <any>2010</any>
    </data>
    <stock>232</stock>
  </canso><canso any="1977" tp="si" single="si">
    <titol>Godzilla</titol>
    <artista>Blue &#xC3;&#x2013;yster Cult</artista>
    <genere>Classic Rock</genere>
    <data>
      <dia>26</dia>
      <mes>Gen</mes>
      <any>2010</any>
    </data>
    <stock>250</stock>
  </canso><canso any="2010" tp="si" single="si">
    <titol>The Who Super Bowl S-mashup</titol>
    <artista>The Who</artista>
    <genere>Classic Rock</genere>
    <data>
      <dia>7</dia>
      <mes>Feb</mes>
      <any>2010</any>
    </data>
    <stock>37</stock>
  </canso><canso any="2007" tp="si" single="si">
    <titol>Fascination</titol>
    <artista>Alphabeat</artista>
    <genere>Pop-Rock</genere>
    <data>
      <dia>16</dia>
      <mes>Feb</mes>
      <any>2010</any>
    </data>
    <stock>174</stock>
  </canso><canso any="1982" tp="si" single="si">
    <titol>Stray Cat Strut</titol>
    <artista>Brian Setzer</artista>
    <genere>Jazz</genere>
    <data>
      <dia>16</dia>
      <mes>Feb</mes>
      <any>2010</any>
    </data>
    <stock>63</stock>
  </canso><canso any="1998" tp="si" single="si">
    <titol>Let Forever Be</titol>
    <artista>The Chemical Brothers</artista>
    <genere>Other</genere>
    <data>
      <dia>16</dia>
      <mes>Feb</mes>
      <any>2010</any>
    </data>
    <stock>90</stock>
  </canso><canso any="2009" tp="si" single="si">
    <titol>Distracted</titol>
    <artista>KSM</artista>
    <genere>Pop-Rock</genere>
    <data>
      <dia>23</dia>
      <mes>Feb</mes>
      <any>2010</any>
    </data>
    <stock>44</stock>
  </canso><canso any="2008" tp="si" single="si">
    <titol>Just for Tonight</titol>
    <artista>One Night Only</artista>
    <genere>Pop-Rock</genere>
    <data>
      <dia>23</dia>
      <mes>Feb</mes>
      <any>2010</any>
    </data>
    <stock>149</stock>
  </canso><canso any="1979" tp="si" single="si">
    <titol>Walking on the Moon</titol>
    <artista>The Police</artista>
    <genere>Pop-Rock</genere>
    <data>
      <dia>23</dia>
      <mes>Feb</mes>
      <any>2010</any>
    </data>
    <stock>265</stock>
  </canso><canso any="2009" tp="si" single="si">
    <titol>White Falcon Fuzz</titol>
    <artista>The Mother Hips</artista>
    <genere>Rock</genere>
    <data>
      <dia>2</dia>
      <mes>Mar</mes>
      <any>2010</any>
    </data>
    <stock>282</stock>
  </canso><canso any="2009" tp="si" single="si">
    <titol>Sort Of</titol>
    <artista>Silversun Pickups</artista>
    <genere>Indie Rock</genere>
    <data>
      <dia>2</dia>
      <mes>Mar</mes>
      <any>2010</any>
    </data>
    <stock>5</stock>
  </canso><canso any="2002" tp="si" single="si">
    <titol>Downfall</titol>
    <artista>TRUSTCompany</artista>
    <genere>Nu-Metal</genere>
    <data>
      <dia>2</dia>
      <mes>Mar</mes>
      <any>2010</any>
    </data>
    <stock>35</stock>
  </canso><canso any="2004" tp="si" single="si">
    <titol>Decent Days and Nights</titol>
    <artista>The Futureheads</artista>
    <genere>Punk</genere>
    <data>
      <dia>9</dia>
      <mes>Mar</mes>
      <any>2010</any>
    </data>
    <stock>102</stock>
  </canso><canso any="2004" tp="si" single="si">
    <titol>Hounds of Love</titol>
    <artista>The Futureheads</artista>
    <genere>Punk</genere>
    <data>
      <dia>9</dia>
      <mes>Mar</mes>
      <any>2010</any>
    </data>
    <stock>282</stock>
  </canso><canso any="1971" tp="si" single="si">
    <titol>Walk Away</titol>
    <artista>The James Gang</artista>
    <genere>Rock</genere>
    <data>
      <dia>9</dia>
      <mes>Mar</mes>
      <any>2010</any>
    </data>
    <stock>286</stock>
  </canso><canso any="2010" tp="si" single="si">
    <titol>The Hockey Theme</titol>
    <artista>Neil Peart</artista>
    <genere>Other</genere>
    <data>
      <dia>9</dia>
      <mes>Mar</mes>
      <any>2010</any>
    </data>
    <stock>64</stock>
  </canso><canso any="2006" tp="si" single="si">
    <titol>All of This</titol>
    <artista>Shaimus</artista>
    <genere>Indie Rock</genere>
    <data>
      <dia>9</dia>
      <mes>Mar</mes>
      <any>2010</any>
    </data>
    <stock>215</stock>
  </canso><canso any="2008" tp="si" single="si">
    <titol>Tie You Down</titol>
    <artista>Shaimus</artista>
    <genere>Indie Rock</genere>
    <data>
      <dia>9</dia>
      <mes>Mar</mes>
      <any>2010</any>
    </data>
    <stock>243</stock>
  </canso><canso any="2008" tp="si" single="si">
    <titol>It's Not My Time</titol>
    <artista>3 Doors Down</artista>
    <genere>Rock</genere>
    <data>
      <dia>16</dia>
      <mes>Mar</mes>
      <any>2010</any>
    </data>
    <stock>179</stock>
  </canso><canso any="2006" tp="si" single="si">
    <titol>Control</titol>
    <artista>Mutemath</artista>
    <genere>Alternative</genere>
    <data>
      <dia>16</dia>
      <mes>Mar</mes>
      <any>2010</any>
    </data>
    <stock>280</stock>
  </canso><canso any="2005" tp="si" single="si">
    <titol>Rock and Roll Queen</titol>
    <artista>The Subways</artista>
    <genere>Alternative</genere>
    <data>
      <dia>16</dia>
      <mes>Mar</mes>
      <any>2010</any>
    </data>
    <stock>95</stock>
  </canso><canso any="2010" tp="si" single="si">
    <titol>Am I Crazy</titol>
    <artista>Little Fish</artista>
    <genere>Indie Rock</genere>
    <data>
      <dia>23</dia>
      <mes>Mar</mes>
      <any>2010</any>
    </data>
    <stock>62</stock>
  </canso><canso any="2007" tp="si" single="si">
    <titol>All-American Girl</titol>
    <artista>Carrie Underwood</artista>
    <genere>Country</genere>
    <data>
      <dia>23</dia>
      <mes>Mar</mes>
      <any>2010</any>
    </data>
    <stock>105</stock>
  </canso><canso any="2007" tp="si" single="si">
    <titol>Stop and Stare</titol>
    <artista>OneRepublic</artista>
    <genere>Pop-Rock</genere>
    <data>
      <dia>23</dia>
      <mes>Mar</mes>
      <any>2010</any>
    </data>
    <stock>193</stock>
  </canso><canso any="2010" tp="si" single="si">
    <titol>Valleys of Neptune</titol>
    <artista>Jimi Hendrix</artista>
    <genere>Classic Rock</genere>
    <data>
      <dia>30</dia>
      <mes>Mar</mes>
      <any>2010</any>
    </data>
    <stock>47</stock>
  </canso><canso any="2008" tp="si" single="si">
    <titol>Feel Good Drag</titol>
    <artista>Anberlin</artista>
    <genere>Alternative</genere>
    <data>
      <dia>6</dia>
      <mes>Abr</mes>
      <any>2010</any>
    </data>
    <stock>195</stock>
  </canso><canso any="2009" tp="si" single="si">
    <titol>Live Life Loud</titol>
    <artista>Hawk Nelson</artista>
    <genere>Pop-Rock</genere>
    <data>
      <dia>6</dia>
      <mes>Abr</mes>
      <any>2010</any>
    </data>
    <stock>223</stock>
  </canso><canso any="2009" tp="si" single="si">
    <titol>Monster</titol>
    <artista>Skillet</artista>
    <genere>Rock</genere>
    <data>
      <dia>6</dia>
      <mes>Abr</mes>
      <any>2010</any>
    </data>
    <stock>231</stock>
  </canso><canso any="2006" tp="si" single="si">
    <titol>Stand in the Rain</titol>
    <artista>Superchick</artista>
    <genere>Pop-Rock</genere>
    <data>
      <dia>6</dia>
      <mes>Abr</mes>
      <any>2010</any>
    </data>
    <stock>232</stock>
  </canso><canso any="2003" tp="si" single="si">
    <titol>Meant to Live</titol>
    <artista>Switchfoot</artista>
    <genere>Alternative</genere>
    <data>
      <dia>6</dia>
      <mes>Abr</mes>
      <any>2010</any>
    </data>
    <stock>62</stock>
  </canso><canso any="2009" tp="si" single="si">
    <titol>Fire It Up</titol>
    <artista>Thousand Foot Krutch</artista>
    <genere>Nu-Metal</genere>
    <data>
      <dia>6</dia>
      <mes>Abr</mes>
      <any>2010</any>
    </data>
    <stock>71</stock>
  </canso><canso any="1999" tp="si" single="si">
    <titol>All-Star</titol>
    <artista>Smash Mouth</artista>
    <genere>Pop-Rock</genere>
    <data>
      <dia>13</dia>
      <mes>Abr</mes>
      <any>2010</any>
    </data>
    <stock>121</stock>
  </canso><canso any="1997" tp="si" single="si">
    <titol>Sun Hits the Sky</titol>
    <artista>Supergrass</artista>
    <genere>Alternative</genere>
    <data>
      <dia>20</dia>
      <mes>Abr</mes>
      <any>2010</any>
    </data>
    <stock>30</stock>
  </canso><canso any="2009" tp="si" single="si">
    <titol>Again</titol>
    <artista>Flyleaf</artista>
    <genere>Alternative</genere>
    <data>
      <dia>27</dia>
      <mes>Abr</mes>
      <any>2010</any>
    </data>
    <stock>178</stock>
  </canso><canso any="1995" tp="si" single="si">
    <titol>Tomorrow</titol>
    <artista>Silverchair</artista>
    <genere>Alternative</genere>
    <data>
      <dia>27</dia>
      <mes>Abr</mes>
      <any>2010</any>
    </data>
    <stock>87</stock>
  </canso><canso any="2004" tp="si" single="si">
    <titol>Thunderbirds Are Go!</titol>
    <artista>Busted</artista>
    <genere>Pop-Rock</genere>
    <data>
      <dia>27</dia>
      <mes>Abr</mes>
      <any>2010</any>
    </data>
    <stock>237</stock>
  </canso><canso any="2009" tp="si" single="si">
    <titol>According to You</titol>
    <artista>Orianthi</artista>
    <genere>Pop-Rock</genere>
    <data>
      <dia>4</dia>
      <mes>Mai</mes>
      <any>2010</any>
    </data>
    <stock>194</stock>
  </canso><canso any="1988" tp="si" single="si">
    <titol>Only a Memory</titol>
    <artista>The Smithereens</artista>
    <genere>Rock</genere>
    <data>
      <dia>18</dia>
      <mes>Mai</mes>
      <any>2010</any>
    </data>
    <stock>42</stock>
  </canso><canso any="2006" tp="si" single="si">
    <titol>The Great Escape</titol>
    <artista>Boys Like Girls</artista>
    <genere>Emo</genere>
    <data>
      <dia>8</dia>
      <mes>Jun</mes>
      <any>2010</any>
    </data>
    <stock>231</stock>
  </canso><canso any="2009" tp="si" single="si">
    <titol>Future Perfect Tense</titol>
    <artista>Sweet Billy Pilgrim</artista>
    <genere>Indie Rock</genere>
    <data>
      <dia>13</dia>
      <mes>Jul</mes>
      <any>2010</any>
    </data>
    <stock>10</stock>
  </canso><canso any="1989" tp="si" single="si">
    <titol>No Control</titol>
    <artista>Bad Religion</artista>
    <genere>Punk</genere>
    <data>
      <dia>20</dia>
      <mes>Jul</mes>
      <any>2010</any>
    </data>
    <stock>199</stock>
  </canso><canso any="2004" tp="si" single="si">
    <titol>I Only Want You</titol>
    <artista>Eagles of Death Metal</artista>
    <genere>Rock</genere>
    <data>
      <dia>3</dia>
      <mes>Ago</mes>
      <any>2010</any>
    </data>
    <stock>13</stock>
  </canso><canso any="2003" tp="si" single="si">
    <titol>Saturday Morning</titol>
    <artista>Eels</artista>
    <genere>Indie Rock</genere>
    <data>
      <dia>3</dia>
      <mes>Ago</mes>
      <any>2010</any>
    </data>
    <stock>114</stock>
  </canso><canso any="2009" tp="si" single="si">
    <titol>Bulletproof</titol>
    <artista>La Roux</artista>
    <genere>Pop-Rock</genere>
    <data>
      <dia>3</dia>
      <mes>Ago</mes>
      <any>2010</any>
    </data>
    <stock>33</stock>
  </canso><canso any="1983" tp="si" single="si">
    <titol>Holy Diver</titol>
    <artista>Dio</artista>
    <genere>Metal</genere>
    <data>
      <dia>14</dia>
      <mes>Set</mes>
      <any>2010</any>
    </data>
    <stock>236</stock>
  </canso><canso any="1983" tp="si" single="si">
    <titol>Stand Up and Shout</titol>
    <artista>Dio</artista>
    <genere>Metal</genere>
    <data>
      <dia>14</dia>
      <mes>Set</mes>
      <any>2010</any>
    </data>
    <stock>142</stock>
  </canso><canso any="2004" tp="si" single="si">
    <titol>Irish Blood , English Heart</titol>
    <artista>Morrissey</artista>
    <genere>Indie Rock</genere>
    <data>
      <dia>14</dia>
      <mes>Set</mes>
      <any>2010</any>
    </data>
    <stock>132</stock>
  </canso><canso any="1987" tp="si" single="si">
    <titol>This Charming Man</titol>
    <artista>The Smiths</artista>
    <genere>Indie Rock</genere>
    <data>
      <dia>14</dia>
      <mes>Set</mes>
      <any>2010</any>
    </data>
    <stock>212</stock>
  </canso><canso any="2009" tp="si" single="si">
    <titol>Closer to the Edge</titol>
    <artista>Thirty Seconds to Mars</artista>
    <genere>Emo</genere>
    <data>
      <dia>28</dia>
      <mes>Set</mes>
      <any>2010</any>
    </data>
    <stock>29</stock>
  </canso><canso any="1972" tp="si" single="si">
    <titol>Listen to the Music</titol>
    <artista>The Doobie Brothers</artista>
    <genere>Classic Rock</genere>
    <data>
      <dia>28</dia>
      <mes>Set</mes>
      <any>2010</any>
    </data>
    <stock>273</stock>
  </canso><canso any="1973" tp="si" single="si">
    <titol>Long Train Runnin'</titol>
    <artista>The Doobie Brothers</artista>
    <genere>Classic Rock</genere>
    <data>
      <dia>28</dia>
      <mes>Set</mes>
      <any>2010</any>
    </data>
    <stock>118</stock>
  </canso><canso any="2010" tp="si" single="si">
    <titol>Stone Free</titol>
    <artista>Jimi Hendrix</artista>
    <genere>Classic Rock</genere>
    <data>
      <dia>12</dia>
      <mes>Oct</mes>
      <any>2010</any>
    </data>
    <stock>30</stock>
  </canso><canso any="1982" tp="si" single="si">
    <titol>Subdivisions</titol>
    <artista>Rush</artista>
    <genere>Prog</genere>
    <data>
      <dia>2</dia>
      <mes>Nov</mes>
      <any>2010</any>
    </data>
    <extres>Core and Pro Guitar/Bass</extres>
    <stock>154</stock>
  </canso><canso any="1969" tp="si" single="si">
    <titol>The Thrill is Gone</titol>
    <artista>B.B. King</artista>
    <genere>Blues</genere>
    <data>
      <dia>16</dia>
      <mes>Nov</mes>
      <any>2010</any>
    </data>
    <extres>Core and Pro Guitar/Bass</extres>
    <stock>288</stock>
  </canso><canso any="1967" tp="si" single="si">
    <titol>A Whiter Shade of Pale</titol>
    <artista>Procol Harum</artista>
    <genere>Classic Rock</genere>
    <data>
      <dia>16</dia>
      <mes>Nov</mes>
      <any>2010</any>
    </data>
    <extres>Core</extres>
    <stock>146</stock>
  </canso><canso any="2005" tp="si" single="si">
    <titol>Open My Eyes</titol>
    <artista>Inhabited</artista>
    <genere>Pop-Rock</genere>
    <data>
      <dia>28</dia>
      <mes>Dec</mes>
      <any>2010</any>
    </data>
    <extres>Core</extres>
    <stock>6</stock>
  </canso><canso any="1986" tp="si" single="si">
    <titol>Cities in Dust</titol>
    <artista>Siouxsie and The Banshees</artista>
    <genere>Pop-Rock</genere>
    <data>
      <dia>28</dia>
      <mes>Dec</mes>
      <any>2010</any>
    </data>
    <extres>Core and Pro Guitar/Bass</extres>
    <stock>192</stock>
  </canso><canso any="2008" tp="si" single="si">
    <titol>I Will Possess Your Heart</titol>
    <artista>Death Cab for Cutie</artista>
    <genere>Indie Rock</genere>
    <data>
      <dia>8</dia>
      <mes>Mar</mes>
      <any>2011</any>
    </data>
    <extres>Core</extres>
    <stock>18</stock>
  </canso><canso any="2010" tp="si" single="si">
    <titol>Shooting the Moon</titol>
    <artista>OK Go</artista>
    <genere>Pop-Rock</genere>
    <data>
      <dia>15</dia>
      <mes>Mar</mes>
      <any>2011</any>
    </data>
    <extres>Core</extres>
    <stock>89</stock>
  </canso><canso any="1983" tp="si" single="si">
    <titol>Every Breath You Take</titol>
    <artista>The Police</artista>
    <genere>Pop-Rock</genere>
    <data>
      <dia>15</dia>
      <mes>Mar</mes>
      <any>2011</any>
    </data>
    <extres>Core and Pro Guitar/Bass</extres>
    <stock>205</stock>
  </canso><canso any="1978" tp="si" single="si">
    <titol>So Lonely</titol>
    <artista>The Police</artista>
    <genere>Pop-Rock</genere>
    <data>
      <dia>15</dia>
      <mes>Mar</mes>
      <any>2011</any>
    </data>
    <extres>Core</extres>
    <stock>283</stock>
  </canso><canso any="1974" tp="si" single="si">
    <titol>The Loco-Motion</titol>
    <artista>Grand Funk Railroad</artista>
    <genere>Classic Rock</genere>
    <data>
      <dia>5</dia>
      <mes>Abr</mes>
      <any>2011</any>
    </data>
    <extres>Core</extres>
    <stock>185</stock>
  </canso><canso any="1981" tp="si" single="si">
    <titol>Freeze-Frame</titol>
    <artista>J. Geils Band</artista>
    <genere>Rock</genere>
    <data>
      <dia>5</dia>
      <mes>Abr</mes>
      <any>2011</any>
    </data>
    <extres>Core and Pro Guitar/Bass</extres>
    <stock>225</stock>
  </canso><canso any="1980" tp="si" single="si">
    <titol>Love Will Tear Us Apart</titol>
    <artista>Joy Division</artista>
    <genere>New Wave</genere>
    <data>
      <dia>5</dia>
      <mes>Abr</mes>
      <any>2011</any>
    </data>
    <extres>Core and Pro Guitar/Bass</extres>
    <stock>147</stock>
  </canso><canso any="2008" tp="si" single="si">
    <titol>Breaking</titol>
    <artista>Anberlin</artista>
    <genere>Alternative</genere>
    <data>
      <dia>19</dia>
      <mes>Abr</mes>
      <any>2011</any>
    </data>
    <extres>Core</extres>
    <stock>132</stock>
  </canso><canso any="1975" tp="si" single="si">
    <titol>Love Rollercoaster</titol>
    <artista>Ohio Players</artista>
    <genere>R and B/Soul/Funk</genere>
    <data>
      <dia>19</dia>
      <mes>Abr</mes>
      <any>2011</any>
    </data>
    <extres>Core and Pro Guitar/Bass</extres>
    <stock>293</stock>
  </canso><canso any="2007" tp="si" single="si">
    <titol>Must Have Done Something Right</titol>
    <artista>Relient K</artista>
    <genere>Pop-Rock</genere>
    <data>
      <dia>19</dia>
      <mes>Abr</mes>
      <any>2011</any>
    </data>
    <extres>Core</extres>
    <stock>138</stock>
  </canso><canso any="1981" tp="si" single="si">
    <titol>867-5309/Jenny</titol>
    <artista>Tommy Tutone</artista>
    <genere>Rock</genere>
    <data>
      <dia>19</dia>
      <mes>Abr</mes>
      <any>2011</any>
    </data>
    <extres>Core and Pro Guitar/Bass</extres>
    <stock>163</stock>
  </canso><canso any="1975" tp="si" single="si">
    <titol>Rock and Roll All Nite (Live)</titol>
    <artista>Kiss</artista>
    <genere>Classic Rock</genere>
    <data>
      <dia>26</dia>
      <mes>Abr</mes>
      <any>2011</any>
    </data>
    <extres>Core and Pro Guitar/Bass</extres>
    <stock>114</stock>
  </canso><canso any="1975" tp="si" single="si">
    <titol>Strutter (Live)</titol>
    <artista>Kiss</artista>
    <genere>Classic Rock</genere>
    <data>
      <dia>26</dia>
      <mes>Abr</mes>
      <any>2011</any>
    </data>
    <extres>Core</extres>
    <stock>287</stock>
  </canso><canso any="1982" tp="si" single="si">
    <titol>Do You Really Want to Hurt Me</titol>
    <artista>Culture Club</artista>
    <genere>New Wave</genere>
    <data>
      <dia>3</dia>
      <mes>Mai</mes>
      <any>2011</any>
    </data>
    <extres>Core</extres>
    <stock>119</stock>
  </canso><canso any="1989" tp="si" single="si">
    <titol>From Out of Nowhere</titol>
    <artista>Faith No More</artista>
    <genere>Rock</genere>
    <data>
      <dia>3</dia>
      <mes>Mai</mes>
      <any>2011</any>
    </data>
    <extres>Core</extres>
    <stock>204</stock>
  </canso><canso any="1981" tp="si" single="si">
    <titol>Working for the Weekend</titol>
    <artista>Loverboy</artista>
    <genere>Pop-Rock</genere>
    <data>
      <dia>3</dia>
      <mes>Mai</mes>
      <any>2011</any>
    </data>
    <extres>Core and Pro Guitar/Bass</extres>
    <stock>173</stock>
  </canso><canso any="1996" tp="si" single="si">
    <titol>Big Bang Baby</titol>
    <artista>Stone Temple Pilots</artista>
    <genere>Alternative</genere>
    <data>
      <dia>3</dia>
      <mes>Mai</mes>
      <any>2011</any>
    </data>
    <extres>Core and Pro Guitar/Bass</extres>
    <stock>201</stock>
  </canso><canso any="1981" tp="si" single="si">
    <titol>Urgent</titol>
    <artista>Foreigner</artista>
    <genere>Classic Rock</genere>
    <data>
      <dia>23</dia>
      <mes>Mai</mes>
      <any>2011</any>
    </data>
    <extres>Core and Pro Guitar/Bass</extres>
    <stock>66</stock>
  </canso><canso any="1985" tp="si" single="si">
    <titol>Take On Me</titol>
    <artista>a-ha</artista>
    <genere>New Wave</genere>
    <data>
      <dia>14</dia>
      <mes>Jun</mes>
      <any>2011</any>
    </data>
    <extres>Core and Pro Guitar/Bass</extres>
    <stock>129</stock>
  </canso><canso any="2001" tp="si" single="si">
    <titol>Aerials</titol>
    <artista>System of a Down</artista>
    <genere>Nu-Metal</genere>
    <data>
      <dia>5</dia>
      <mes>Jul</mes>
      <any>2011</any>
    </data>
    <extres>Core and Pro Guitar/Bass</extres>
    <stock>234</stock>
  </canso><canso any="2005" tp="si" single="si">
    <titol>Hypnotize</titol>
    <artista>System of a Down</artista>
    <genere>Nu-Metal</genere>
    <data>
      <dia>5</dia>
      <mes>Jul</mes>
      <any>2011</any>
    </data>
    <extres>Core</extres>
    <stock>237</stock>
  </canso><canso any="1988" tp="si" single="si">
    <titol>A Little Respect</titol>
    <artista>Erasure</artista>
    <genere>New Wave</genere>
    <data>
      <dia>12</dia>
      <mes>Jul</mes>
      <any>2011</any>
    </data>
    <extres>Core</extres>
    <stock>296</stock>
  </canso><canso any="1977" tp="si" single="si">
    <titol>Barracuda</titol>
    <artista>Heart</artista>
    <genere>Classic Rock</genere>
    <data>
      <dia>2</dia>
      <mes>Ago</mes>
      <any>2011</any>
    </data>
    <extres>Core and Pro Guitar/Bass</extres>
    <stock>119</stock>
  </canso><canso any="1971" tp="si" single="si">
    <titol>Me and Bobby McGee</titol>
    <artista>Janis Joplin and the Full Tilt Boogie Band</artista>
    <genere>Classic Rock</genere>
    <data>
      <dia>13</dia>
      <mes>Set</mes>
      <any>2011</any>
    </data>
    <extres>Core</extres>
    <stock>78</stock>
  </canso><canso any="1985" tp="si" single="si">
    <titol>We Built This City</titol>
    <artista>Starship</artista>
    <genere>Pop-Rock</genere>
    <data>
      <dia>29</dia>
      <mes>Nov</mes>
      <any>2011</any>
    </data>
    <extres>Core</extres>
    <stock>186</stock>
  </canso><canso any="2011" tp="si" single="si">
    <titol>Rebel Love canso</titol>
    <artista>Black Veil Brides</artista>
    <genere>Rock</genere>
    <data>
      <dia>13</dia>
      <mes>Dec</mes>
      <any>2011</any>
    </data>
    <extres>Core</extres>
    <stock>9</stock>
  </canso><canso any="1972" tp="si" single="si">
    <titol>Free Ride</titol>
    <artista>The Edgar Winter Group</artista>
    <genere>Classic Rock</genere>
    <data>
      <dia>17</dia>
      <mes>Gen</mes>
      <any>2012</any>
    </data>
    <extres>Core</extres>
    <stock>218</stock>
  </canso><canso any="1972" tp="si" single="si">
    <titol>Frankenstein</titol>
    <artista>The Edgar Winter Group</artista>
    <genere>Classic Rock</genere>
    <data>
      <dia>17</dia>
      <mes>Gen</mes>
      <any>2012</any>
    </data>
    <extres>Core and Pro-Guitar/Bass</extres>
    <stock>240</stock>
  </canso><canso any="1985" tp="si" single="si">
    <titol>Head Over Heels</titol>
    <artista>Tears for Fears</artista>
    <genere>New Wave</genere>
    <data>
      <dia>31</dia>
      <mes>Gen</mes>
      <any>2012</any>
    </data>
    <extres>Core</extres>
    <stock>83</stock>
  </canso><canso any="1995" tp="si" single="si">
    <titol>Santa Monica</titol>
    <artista>Everclear</artista>
    <genere>Alternative</genere>
    <data>
      <dia>6</dia>
      <mes>Mar</mes>
      <any>2012</any>
    </data>
    <extres>Core and Pro-Guitar/Bass</extres>
    <stock>286</stock>
  </canso><canso any="1983" tp="si" single="si">
    <titol>Overkill</titol>
    <artista>Men at Work</artista>
    <genere>New Wave</genere>
    <data>
      <dia>20</dia>
      <mes>Mar</mes>
      <any>2012</any>
    </data>
    <extres>Core</extres>
    <stock>117</stock>
  </canso><canso any="1999" tp="si" single="si">
    <titol>Smooth</titol>
    <artista>Santana (ft. Rob Thomas)</artista>
    <genere>Classic Rock</genere>
    <data>
      <dia>20</dia>
      <mes>Mar</mes>
      <any>2012</any>
    </data>
    <extres>Core and Pro-Guitar/Bass</extres>
    <stock>60</stock>
  </canso><canso any="1977" tp="si" single="si">
    <titol>Two Tickets to Paradise</titol>
    <artista>Eddie Money</artista>
    <genere>Classic Rock</genere>
    <data>
      <dia>1</dia>
      <mes>Mai</mes>
      <any>2012</any>
    </data>
    <extres>Core and Pro-Guitar/Bass</extres>
    <stock>245</stock>
  </canso><canso any="2003" tp="si" single="si">
    <titol>Only One</titol>
    <artista>Yellowcard</artista>
    <genere>Emo</genere>
    <data>
      <dia>1</dia>
      <mes>Mai</mes>
      <any>2012</any>
    </data>
    <extres>Core</extres>
    <stock>9</stock>
  </canso><canso any="2001" tp="si" single="si">
    <titol>Drops of Jupiter</titol>
    <artista>Train</artista>
    <genere>Pop-Rock</genere>
    <data>
      <dia>1</dia>
      <mes>Mai</mes>
      <any>2012</any>
    </data>
    <extres>Core and Pro-Guitar/Bass</extres>
    <stock>50</stock>
  </canso><canso any="2009" tp="si" single="si">
    <titol>Dog Days Are Over</titol>
    <artista>Florence + the Machine</artista>
    <genere>Indie Rock</genere>
    <data>
      <dia>5</dia>
      <mes>Jun</mes>
      <any>2012</any>
    </data>
    <extres>Core</extres>
    <stock>136</stock>
  </canso><canso any="1982" tp="si" single="si">
    <titol>Power and the Passion</titol>
    <artista>Midnight Oil</artista>
    <genere>New Wave</genere>
    <data>
      <dia>5</dia>
      <mes>Jun</mes>
      <any>2012</any>
    </data>
    <extres>Core</extres>
    <stock>158</stock>
  </canso><canso any="1999" tp="si" single="si">
    <titol>Drive</titol>
    <artista>Incubus</artista>
    <genere>Alternative</genere>
    <data>
      <dia>12</dia>
      <mes>Jun</mes>
      <any>2012</any>
    </data>
    <extres>Core</extres>
    <stock>217</stock>
  </canso><canso any="2006" tp="si" single="si">
    <titol>The Adventure</titol>
    <artista>Angels and Airwaves</artista>
    <genere>Alternative</genere>
    <data>
      <dia>19</dia>
      <mes>Jun</mes>
      <any>2012</any>
    </data>
    <extres>Core</extres>
    <stock>210</stock>
  </canso><canso any="2009" tp="si" single="si">
    <titol>Fireflies</titol>
    <artista>Owl City</artista>
    <genere>Pop/Dance/Electronic</genere>
    <data>
      <dia>19</dia>
      <mes>Jun</mes>
      <any>2012</any>
    </data>
    <extres>Core</extres>
    <stock>265</stock>
  </canso><canso any="2012" tp="si" single="si">
    <titol>Gonzo</titol>
    <artista>All-American Rejects</artista>
    <genere>Emo</genere>
    <data>
      <dia>3</dia>
      <mes>Jul</mes>
      <any>2012</any>
    </data>
    <extres>Core</extres>
    <stock>36</stock>
  </canso><canso any="2011" tp="si" single="si">
    <titol>Satellite</titol>
    <artista>Rise Against</artista>
    <genere>Punk</genere>
    <data>
      <dia>3</dia>
      <mes>Jul</mes>
      <any>2012</any>
    </data>
    <extres>Core</extres>
    <stock>268</stock>
  </canso><canso any="1989" tp="si" single="si">
    <titol>Love Shack</titol>
    <artista>The B-52's</artista>
    <genere>Pop-Rock</genere>
    <data>
      <dia>17</dia>
      <mes>Jul</mes>
      <any>2012</any>
    </data>
    <extres>Core and Pro-Guitar/Bass</extres>
    <stock>14</stock>
  </canso><canso any="2011" tp="si" single="si">
    <titol>Not Again</titol>
    <artista>Staind</artista>
    <genere>Nu-Metal</genere>
    <data>
      <dia>17</dia>
      <mes>Jul</mes>
      <any>2012</any>
    </data>
    <extres>Core</extres>
    <stock>13</stock>
  </canso><canso any="2010" tp="si" single="si">
    <titol>My Body</titol>
    <artista>Young the Giant</artista>
    <genere>Indie Rock</genere>
    <data>
      <dia>17</dia>
      <mes>Jul</mes>
      <any>2012</any>
    </data>
    <extres>Core</extres>
    <stock>92</stock>
  </canso><canso any="2011" tp="si" single="si">
    <titol>Under Cover of Darkness</titol>
    <artista>The Strokes</artista>
    <genere>Rock</genere>
    <data>
      <dia>24</dia>
      <mes>Jul</mes>
      <any>2012</any>
    </data>
    <extres>Core and Pro-Guitar/Bass</extres>
    <stock>73</stock>
  </canso><canso any="1986" tp="si" single="si">
    <titol>(I Just) Died in Your Arms</titol>
    <artista>Cutting Crew</artista>
    <genere>New Wave</genere>
    <data>
      <dia>7</dia>
      <mes>Ago</mes>
      <any>2012</any>
    </data>
    <extres>Core and Pro-Guitar/Bass</extres>
    <stock>296</stock>
  </canso><canso any="2001" tp="si" single="si">
    <titol>Crawling in the Dark</titol>
    <artista>Hoobastank</artista>
    <genere>Alternative</genere>
    <data>
      <dia>7</dia>
      <mes>Ago</mes>
      <any>2012</any>
    </data>
    <extres>Core</extres>
    <stock>288</stock>
  </canso><canso any="1983" tp="si" single="si">
    <titol>I Want to Know What Love Is</titol>
    <artista>Foreigner</artista>
    <genere>Classic Rock</genere>
    <data>
      <dia>14</dia>
      <mes>Ago</mes>
      <any>2012</any>
    </data>
    <extres>Core</extres>
    <stock>270</stock>
  </canso><canso any="2007" tp="si" single="si">
    <titol>Amaranth</titol>
    <artista>Nightwish</artista>
    <genere>Metal</genere>
    <data>
      <dia>14</dia>
      <mes>Ago</mes>
      <any>2012</any>
    </data>
    <extres>Core and Pro-Guitar/Bass</extres>
    <stock>98</stock>
  </canso><canso any="1998" tp="si" single="si">
    <titol>One Week</titol>
    <artista>Barenaked Ladies</artista>
    <genere>Rock</genere>
    <data>
      <dia>28</dia>
      <mes>Ago</mes>
      <any>2012</any>
    </data>
    <extres>Core</extres>
    <stock>132</stock>
  </canso><canso any="2011" tp="si" single="si">
    <titol>These Days</titol>
    <artista>Foo Fighters</artista>
    <genere>Alternative</genere>
    <data>
      <dia>28</dia>
      <mes>Ago</mes>
      <any>2012</any>
    </data>
    <extres>Core</extres>
    <stock>158</stock>
  </canso><canso any="2012" tp="si" single="si">
    <titol>Days Go By</titol>
    <artista>The Offspring</artista>
    <genere>Rock</genere>
    <data>
      <dia>18</dia>
      <mes>Set</mes>
      <any>2012</any>
    </data>
    <extres>Core and Pro-Guitar/Bass</extres>
    <stock>110</stock>
  </canso><canso any="1999" tp="si" single="si">
    <titol>Can&#xE2;&#x20AC;&#x2122;t Get Enough of You Baby</titol>
    <artista>Smash Mouth</artista>
    <genere>Pop/Rock</genere>
    <data>
      <dia>18</dia>
      <mes>Set</mes>
      <any>2012</any>
    </data>
    <extres>Core</extres>
    <stock>259</stock>
  </canso><canso any="1982" tp="si" single="si">
    <titol>I Ran (So Far Away)</titol>
    <artista>A Flock of Seagulls</artista>
    <genere>New Wave</genere>
    <data>
      <dia>9</dia>
      <mes>Oct</mes>
      <any>2012</any>
    </data>
    <extres>Core</extres>
    <stock>214</stock>
  </canso><canso any="2006" tp="si" single="si">
    <titol>Animal I Have Become</titol>
    <artista>Three Days Grace</artista>
    <genere>Rock</genere>
    <data>
      <dia>16</dia>
      <mes>Oct</mes>
      <any>2012</any>
    </data>
    <extres>Core</extres>
    <stock>240</stock>
  </canso><canso any="1980" tp="si" single="si">
    <titol>I'm Alright</titol>
    <artista>Kenny Loggins</artista>
    <genere>Pop/Rock</genere>
    <data>
      <dia>13</dia>
      <mes>Nov</mes>
      <any>2012</any>
    </data>
    <extres>Core</extres>
    <stock>227</stock>
  </canso><canso any="1984" tp="si" single="si">
    <titol>Footloose</titol>
    <artista>Kenny Loggins</artista>
    <genere>Pop/Rock</genere>
    <data>
      <dia>13</dia>
      <mes>Nov</mes>
      <any>2012</any>
    </data>
    <extres>Core and Pro-Guitar/Bass</extres>
    <stock>95</stock>
  </canso><canso any="1973" tp="si" single="si">
    <titol>Jessica</titol>
    <artista>The Allman Brothers Band</artista>
    <genere>Southern Rock</genere>
    <data>
      <dia>20</dia>
      <mes>Nov</mes>
      <any>2012</any>
    </data>
    <extres>Core and Pro-Guitar/Bass</extres>
    <stock>255</stock>
  </canso><canso any="1972" tp="si" single="si">
    <titol>The Weight (Live)</titol>
    <artista>The Band</artista>
    <genere>Classic Rock</genere>
    <data>
      <dia>20</dia>
      <mes>Nov</mes>
      <any>2012</any>
    </data>
    <extres>Core and Pro-Guitar/Bass</extres>
    <stock>78</stock>
  </canso><canso any="2012" tp="si" single="si">
    <titol>Cry Thunder</titol>
    <artista>Dragonforce</artista>
    <genere>Metal</genere>
    <data>
      <dia>20</dia>
      <mes>Nov</mes>
      <any>2012</any>
    </data>
    <extres>Core</extres>
    <stock>11</stock>
  </canso><canso any="1982" tp="si" single="si">
    <titol>I Melt With You</titol>
    <artista>Modern English</artista>
    <genere>New Wave</genere>
    <data>
      <dia>20</dia>
      <mes>Nov</mes>
      <any>2012</any>
    </data>
    <extres>Core</extres>
    <stock>104</stock>
  </canso><canso any="2012" tp="si" single="si">
    <titol>Call Me Maybe</titol>
    <artista>Carly Rae Jepsen</artista>
    <genere>Pop/Dance/Electronic</genere>
    <data>
      <dia>27</dia>
      <mes>Nov</mes>
      <any>2012</any>
    </data>
    <extres>Core</extres>
    <stock>142</stock>
  </canso><canso any="1997" tp="si" single="si">
    <titol>Sex and Candy</titol>
    <artista>Marcy Playground</artista>
    <genere>Alternative</genere>
    <data>
      <dia>27</dia>
      <mes>Nov</mes>
      <any>2012</any>
    </data>
    <extres>Core and Pro-Guitar/Bass</extres>
    <stock>55</stock>
  </canso><canso any="2001" tp="si" single="si">
    <titol>Party Hard</titol>
    <artista>Andrew W.K.</artista>
    <genere>Rock</genere>
    <data>
      <dia>30</dia>
      <mes>Dec</mes>
      <any>2012</any>
    </data>
    <extres>Core</extres>
    <stock>250</stock>
  </canso><canso any="2011" tp="si" single="si">
    <titol>Tonight Tonight</titol>
    <artista>Hot Chelle Rae</artista>
    <genere>Pop/Dance/Electronic</genere>
    <data>
      <dia>30</dia>
      <mes>Dec</mes>
      <any>2012</any>
    </data>
    <extres>Core</extres>
    <stock>216</stock>
  </canso><canso any="2013" tp="si" single="si">
    <titol>Shepherd of Fire</titol>
    <artista>Avenged Sevenfold</artista>
    <genere>Metal</genere>
    <data>
      <dia>13</dia>
      <mes>Gen</mes>
      <any>2017</any>
    </data>
    <extres>Core</extres>
    <stock>139</stock>
  </canso><canso any="2012" tp="si" single="si">
    <titol>Rize of the Fenix</titol>
    <artista>Tenacious D</artista>
    <genere>Rock</genere>
    <data>
      <dia>17</dia>
      <mes>Feb</mes>
      <any>2017</any>
    </data>
    <extres>Core</extres>
    <stock>159</stock>
  </canso><canso any="2011" tp="si" single="si">
    <titol>I Still Believe</titol>
    <artista>Frank Turner</artista>
    <genere>Rock</genere>
    <data>
      <dia>5</dia>
      <mes>Mar</mes>
      <any>2017</any>
    </data>
    <extres>Core</extres>
    <stock>153</stock>
  </canso><canso any="2014" tp="si" single="si">
    <titol>Divide</titol>
    <artista>All That Remains</artista>
    <genere>Metal</genere>
    <data>
      <dia>6</dia>
      <mes>Oct</mes>
      <any>2017</any>
    </data>
    <extres>Harmonies</extres>
    <stock>108</stock>
  </canso><canso any="1978" tp="si" single="si">
    <titol>September</titol>
    <artista>"Earth , Wind and Fire"</artista>
    <genere>R and B/Soul/Funk</genere>
    <data>
      <dia>6</dia>
      <mes>Oct</mes>
      <any>2017</any>
    </data>
    <extres>Harmonies</extres>
    <stock>57</stock>
  </canso>